<?xml version="1.0" encoding="UTF-8"?>
<testsuites>
  <testsuite name="" tests="122" assertions="256" errors="11" failures="10" skipped="2" time="4.169234">
    <testsuite name="Feature" tests="122" assertions="256" errors="11" failures="10" skipped="2" time="4.169234">
      <testsuite name="Tests\Feature\Brands\BrandImportExportTest" file="D:\work\meem\tests\Feature\Brands\BrandImportExportTest.php" tests="5" assertions="12" errors="0" failures="0" skipped="0" time="0.289104">
        <testcase name="sample_downloads_valid_xlsx_with_contract_headers" file="D:\work\meem\tests\Feature\Brands\BrandImportExportTest.php" line="92" class="Tests\Feature\Brands\BrandImportExportTest" classname="Tests.Feature.Brands.BrandImportExportTest" assertions="2" time="0.157513"/>
        <testcase name="import_dispatches_job_on_meem_high_queue_and_returns_202" file="D:\work\meem\tests\Feature\Brands\BrandImportExportTest.php" line="105" class="Tests\Feature\Brands\BrandImportExportTest" classname="Tests.Feature.Brands.BrandImportExportTest" assertions="4" time="0.081254"/>
        <testcase name="import_requires_authentication_and_permission" file="D:\work\meem\tests\Feature\Brands\BrandImportExportTest.php" line="129" class="Tests\Feature\Brands\BrandImportExportTest" classname="Tests.Feature.Brands.BrandImportExportTest" assertions="2" time="0.011641"/>
        <testcase name="export_start_returns_202_with_export_id" file="D:\work\meem\tests\Feature\Brands\BrandImportExportTest.php" line="136" class="Tests\Feature\Brands\BrandImportExportTest" classname="Tests.Feature.Brands.BrandImportExportTest" assertions="3" time="0.030364"/>
        <testcase name="cancel_on_terminal_import_returns_409" file="D:\work\meem\tests\Feature\Brands\BrandImportExportTest.php" line="150" class="Tests\Feature\Brands\BrandImportExportTest" classname="Tests.Feature.Brands.BrandImportExportTest" assertions="1" time="0.008332"/>
      </testsuite>
      <testsuite name="Tests\Feature\ImportExport\CategoryBrandImportTest" file="D:\work\meem\tests\Feature\ImportExport\CategoryBrandImportTest.php" tests="11" assertions="0" errors="11" failures="0" skipped="0" time="0.969324">
        <testcase name="test_category_import_create" file="D:\work\meem\tests\Feature\ImportExport\CategoryBrandImportTest.php" line="63" class="Tests\Feature\ImportExport\CategoryBrandImportTest" classname="Tests.Feature.ImportExport.CategoryBrandImportTest" assertions="0" time="0.200000">
          <error type="TypeError">Tests\Feature\ImportExport\CategoryBrandImportTest::test_category_import_create&#13;
TypeError: Marvel\Imports\Sheets\CategoriesSheetImport::__construct(): Argument #1 ($service) must be of type Marvel\Services\Import\ProductImportService, Marvel\Services\Import\CategoryImportService given, called in D:\work\meem\packages\marvel\src\Imports\CategoriesImport.php on line 21
&#13;
D:\work\meem\packages\marvel\src\Imports\Sheets\CategoriesSheetImport.php:16
D:\work\meem\packages\marvel\src\Imports\CategoriesImport.php:21
D:\work\meem\vendor\maatwebsite\excel\src\Reader.php:395
D:\work\meem\vendor\maatwebsite\excel\src\Reader.php:254
D:\work\meem\vendor\maatwebsite\excel\src\Reader.php:109
D:\work\meem\vendor\maatwebsite\excel\src\Excel.php:146
D:\work\meem\vendor\laravel\framework\src\Illuminate\Support\Facades\Facade.php:353
D:\work\meem\packages\marvel\src\Jobs\ImportCategoriesJob.php:109
D:\work\meem\tests\Feature\ImportExport\CategoryBrandImportTest.php:74
D:\work\meem\vendor\laravel\framework\src\Illuminate\Foundation\Testing\TestCase.php:174</error>
        </testcase>
        <testcase name="test_category_import_update_does_not_duplicate" file="D:\work\meem\tests\Feature\ImportExport\CategoryBrandImportTest.php" line="84" class="Tests\Feature\ImportExport\CategoryBrandImportTest" classname="Tests.Feature.ImportExport.CategoryBrandImportTest" assertions="0" time="0.083279">
          <error type="TypeError">Tests\Feature\ImportExport\CategoryBrandImportTest::test_category_import_update_does_not_duplicate&#13;
TypeError: Marvel\Imports\Sheets\CategoriesSheetImport::__construct(): Argument #1 ($service) must be of type Marvel\Services\Import\ProductImportService, Marvel\Services\Import\CategoryImportService given, called in D:\work\meem\packages\marvel\src\Imports\CategoriesImport.php on line 21
&#13;
D:\work\meem\packages\marvel\src\Imports\Sheets\CategoriesSheetImport.php:16
D:\work\meem\packages\marvel\src\Imports\CategoriesImport.php:21
D:\work\meem\vendor\maatwebsite\excel\src\Reader.php:395
D:\work\meem\vendor\maatwebsite\excel\src\Reader.php:254
D:\work\meem\vendor\maatwebsite\excel\src\Reader.php:109
D:\work\meem\vendor\maatwebsite\excel\src\Excel.php:146
D:\work\meem\vendor\laravel\framework\src\Illuminate\Support\Facades\Facade.php:353
D:\work\meem\packages\marvel\src\Jobs\ImportCategoriesJob.php:109
D:\work\meem\tests\Feature\ImportExport\CategoryBrandImportTest.php:96
D:\work\meem\vendor\laravel\framework\src\Illuminate\Foundation\Testing\TestCase.php:174</error>
        </testcase>
        <testcase name="test_category_import_parent_assignment" file="D:\work\meem\tests\Feature\ImportExport\CategoryBrandImportTest.php" line="105" class="Tests\Feature\ImportExport\CategoryBrandImportTest" classname="Tests.Feature.ImportExport.CategoryBrandImportTest" assertions="0" time="0.056461">
          <error type="TypeError">Tests\Feature\ImportExport\CategoryBrandImportTest::test_category_import_parent_assignment&#13;
TypeError: Marvel\Imports\Sheets\CategoriesSheetImport::__construct(): Argument #1 ($service) must be of type Marvel\Services\Import\ProductImportService, Marvel\Services\Import\CategoryImportService given, called in D:\work\meem\packages\marvel\src\Imports\CategoriesImport.php on line 21
&#13;
D:\work\meem\packages\marvel\src\Imports\Sheets\CategoriesSheetImport.php:16
D:\work\meem\packages\marvel\src\Imports\CategoriesImport.php:21
D:\work\meem\vendor\maatwebsite\excel\src\Reader.php:395
D:\work\meem\vendor\maatwebsite\excel\src\Reader.php:254
D:\work\meem\vendor\maatwebsite\excel\src\Reader.php:109
D:\work\meem\vendor\maatwebsite\excel\src\Excel.php:146
D:\work\meem\vendor\laravel\framework\src\Illuminate\Support\Facades\Facade.php:353
D:\work\meem\packages\marvel\src\Jobs\ImportCategoriesJob.php:109
D:\work\meem\tests\Feature\ImportExport\CategoryBrandImportTest.php:117
D:\work\meem\vendor\laravel\framework\src\Illuminate\Foundation\Testing\TestCase.php:174</error>
        </testcase>
        <testcase name="test_category_import_child_before_parent_still_assigns" file="D:\work\meem\tests\Feature\ImportExport\CategoryBrandImportTest.php" line="127" class="Tests\Feature\ImportExport\CategoryBrandImportTest" classname="Tests.Feature.ImportExport.CategoryBrandImportTest" assertions="0" time="0.046945">
          <error type="TypeError">Tests\Feature\ImportExport\CategoryBrandImportTest::test_category_import_child_before_parent_still_assigns&#13;
TypeError: Marvel\Imports\Sheets\CategoriesSheetImport::__construct(): Argument #1 ($service) must be of type Marvel\Services\Import\ProductImportService, Marvel\Services\Import\CategoryImportService given, called in D:\work\meem\packages\marvel\src\Imports\CategoriesImport.php on line 21
&#13;
D:\work\meem\packages\marvel\src\Imports\Sheets\CategoriesSheetImport.php:16
D:\work\meem\packages\marvel\src\Imports\CategoriesImport.php:21
D:\work\meem\vendor\maatwebsite\excel\src\Reader.php:395
D:\work\meem\vendor\maatwebsite\excel\src\Reader.php:254
D:\work\meem\vendor\maatwebsite\excel\src\Reader.php:109
D:\work\meem\vendor\maatwebsite\excel\src\Excel.php:146
D:\work\meem\vendor\laravel\framework\src\Illuminate\Support\Facades\Facade.php:353
D:\work\meem\packages\marvel\src\Jobs\ImportCategoriesJob.php:109
D:\work\meem\tests\Feature\ImportExport\CategoryBrandImportTest.php:139
D:\work\meem\vendor\laravel\framework\src\Illuminate\Foundation\Testing\TestCase.php:174</error>
        </testcase>
        <testcase name="test_category_import_partial_success" file="D:\work\meem\tests\Feature\ImportExport\CategoryBrandImportTest.php" line="148" class="Tests\Feature\ImportExport\CategoryBrandImportTest" classname="Tests.Feature.ImportExport.CategoryBrandImportTest" assertions="0" time="0.089354">
          <error type="TypeError">Tests\Feature\ImportExport\CategoryBrandImportTest::test_category_import_partial_success&#13;
TypeError: Marvel\Imports\Sheets\CategoriesSheetImport::__construct(): Argument #1 ($service) must be of type Marvel\Services\Import\ProductImportService, Marvel\Services\Import\CategoryImportService given, called in D:\work\meem\packages\marvel\src\Imports\CategoriesImport.php on line 21
&#13;
D:\work\meem\packages\marvel\src\Imports\Sheets\CategoriesSheetImport.php:16
D:\work\meem\packages\marvel\src\Imports\CategoriesImport.php:21
D:\work\meem\vendor\maatwebsite\excel\src\Reader.php:395
D:\work\meem\vendor\maatwebsite\excel\src\Reader.php:254
D:\work\meem\vendor\maatwebsite\excel\src\Reader.php:109
D:\work\meem\vendor\maatwebsite\excel\src\Excel.php:146
D:\work\meem\vendor\laravel\framework\src\Illuminate\Support\Facades\Facade.php:353
D:\work\meem\packages\marvel\src\Jobs\ImportCategoriesJob.php:109
D:\work\meem\tests\Feature\ImportExport\CategoryBrandImportTest.php:160
D:\work\meem\vendor\laravel\framework\src\Illuminate\Foundation\Testing\TestCase.php:174</error>
        </testcase>
        <testcase name="test_brand_import_create_and_update" file="D:\work\meem\tests\Feature\ImportExport\CategoryBrandImportTest.php" line="168" class="Tests\Feature\ImportExport\CategoryBrandImportTest" classname="Tests.Feature.ImportExport.CategoryBrandImportTest" assertions="0" time="0.100535">
          <error type="TypeError">Tests\Feature\ImportExport\CategoryBrandImportTest::test_brand_import_create_and_update&#13;
TypeError: Marvel\Imports\Sheets\BrandsSheetImport::__construct(): Argument #1 ($service) must be of type Marvel\Services\Import\ProductImportService, Marvel\Services\Import\BrandImportService given, called in D:\work\meem\packages\marvel\src\Imports\BrandsImport.php on line 21
&#13;
D:\work\meem\packages\marvel\src\Imports\Sheets\BrandsSheetImport.php:16
D:\work\meem\packages\marvel\src\Imports\BrandsImport.php:21
D:\work\meem\vendor\maatwebsite\excel\src\Reader.php:395
D:\work\meem\vendor\maatwebsite\excel\src\Reader.php:254
D:\work\meem\vendor\maatwebsite\excel\src\Reader.php:109
D:\work\meem\vendor\maatwebsite\excel\src\Excel.php:146
D:\work\meem\vendor\laravel\framework\src\Illuminate\Support\Facades\Facade.php:353
D:\work\meem\packages\marvel\src\Jobs\ImportBrandsJob.php:109
D:\work\meem\tests\Feature\ImportExport\CategoryBrandImportTest.php:179
D:\work\meem\vendor\laravel\framework\src\Illuminate\Foundation\Testing\TestCase.php:174</error>
        </testcase>
        <testcase name="test_brand_import_partial_success" file="D:\work\meem\tests\Feature\ImportExport\CategoryBrandImportTest.php" line="199" class="Tests\Feature\ImportExport\CategoryBrandImportTest" classname="Tests.Feature.ImportExport.CategoryBrandImportTest" assertions="0" time="0.152251">
          <error type="TypeError">Tests\Feature\ImportExport\CategoryBrandImportTest::test_brand_import_partial_success&#13;
TypeError: Marvel\Imports\Sheets\BrandsSheetImport::__construct(): Argument #1 ($service) must be of type Marvel\Services\Import\ProductImportService, Marvel\Services\Import\BrandImportService given, called in D:\work\meem\packages\marvel\src\Imports\BrandsImport.php on line 21
&#13;
D:\work\meem\packages\marvel\src\Imports\Sheets\BrandsSheetImport.php:16
D:\work\meem\packages\marvel\src\Imports\BrandsImport.php:21
D:\work\meem\vendor\maatwebsite\excel\src\Reader.php:395
D:\work\meem\vendor\maatwebsite\excel\src\Reader.php:254
D:\work\meem\vendor\maatwebsite\excel\src\Reader.php:109
D:\work\meem\vendor\maatwebsite\excel\src\Excel.php:146
D:\work\meem\vendor\laravel\framework\src\Illuminate\Support\Facades\Facade.php:353
D:\work\meem\packages\marvel\src\Jobs\ImportBrandsJob.php:109
D:\work\meem\tests\Feature\ImportExport\CategoryBrandImportTest.php:211
D:\work\meem\vendor\laravel\framework\src\Illuminate\Foundation\Testing\TestCase.php:174</error>
        </testcase>
        <testcase name="test_category_import_withMultipleSheets_only_first_sheet_processed" file="D:\work\meem\tests\Feature\ImportExport\CategoryBrandImportTest.php" line="217" class="Tests\Feature\ImportExport\CategoryBrandImportTest" classname="Tests.Feature.ImportExport.CategoryBrandImportTest" assertions="0" time="0.060079">
          <error type="TypeError">Tests\Feature\ImportExport\CategoryBrandImportTest::test_category_import_withMultipleSheets_only_first_sheet_processed&#13;
TypeError: Marvel\Imports\Sheets\CategoriesSheetImport::__construct(): Argument #1 ($service) must be of type Marvel\Services\Import\ProductImportService, Marvel\Services\Import\CategoryImportService given, called in D:\work\meem\packages\marvel\src\Imports\CategoriesImport.php on line 21
&#13;
D:\work\meem\packages\marvel\src\Imports\Sheets\CategoriesSheetImport.php:16
D:\work\meem\packages\marvel\src\Imports\CategoriesImport.php:21
D:\work\meem\vendor\maatwebsite\excel\src\Reader.php:395
D:\work\meem\vendor\maatwebsite\excel\src\Reader.php:254
D:\work\meem\vendor\maatwebsite\excel\src\Reader.php:109
D:\work\meem\vendor\maatwebsite\excel\src\Excel.php:146
D:\work\meem\vendor\laravel\framework\src\Illuminate\Support\Facades\Facade.php:353
D:\work\meem\packages\marvel\src\Jobs\ImportCategoriesJob.php:109
D:\work\meem\tests\Feature\ImportExport\CategoryBrandImportTest.php:238
D:\work\meem\vendor\laravel\framework\src\Illuminate\Foundation\Testing\TestCase.php:174</error>
        </testcase>
        <testcase name="test_brand_import_withMultipleSheets_only_first_sheet_processed" file="D:\work\meem\tests\Feature\ImportExport\CategoryBrandImportTest.php" line="253" class="Tests\Feature\ImportExport\CategoryBrandImportTest" classname="Tests.Feature.ImportExport.CategoryBrandImportTest" assertions="0" time="0.059454">
          <error type="TypeError">Tests\Feature\ImportExport\CategoryBrandImportTest::test_brand_import_withMultipleSheets_only_first_sheet_processed&#13;
TypeError: Marvel\Imports\Sheets\BrandsSheetImport::__construct(): Argument #1 ($service) must be of type Marvel\Services\Import\ProductImportService, Marvel\Services\Import\BrandImportService given, called in D:\work\meem\packages\marvel\src\Imports\BrandsImport.php on line 21
&#13;
D:\work\meem\packages\marvel\src\Imports\Sheets\BrandsSheetImport.php:16
D:\work\meem\packages\marvel\src\Imports\BrandsImport.php:21
D:\work\meem\vendor\maatwebsite\excel\src\Reader.php:395
D:\work\meem\vendor\maatwebsite\excel\src\Reader.php:254
D:\work\meem\vendor\maatwebsite\excel\src\Reader.php:109
D:\work\meem\vendor\maatwebsite\excel\src\Excel.php:146
D:\work\meem\vendor\laravel\framework\src\Illuminate\Support\Facades\Facade.php:353
D:\work\meem\packages\marvel\src\Jobs\ImportBrandsJob.php:109
D:\work\meem\tests\Feature\ImportExport\CategoryBrandImportTest.php:272
D:\work\meem\vendor\laravel\framework\src\Illuminate\Foundation\Testing\TestCase.php:174</error>
        </testcase>
        <testcase name="test_import_retry_idempotency_product_image_not_duplicated" file="D:\work\meem\tests\Feature\ImportExport\CategoryBrandImportTest.php" line="281" class="Tests\Feature\ImportExport\CategoryBrandImportTest" classname="Tests.Feature.ImportExport.CategoryBrandImportTest" assertions="0" time="0.059355">
          <error type="TypeError">Tests\Feature\ImportExport\CategoryBrandImportTest::test_import_retry_idempotency_product_image_not_duplicated&#13;
TypeError: Marvel\Imports\Sheets\CategoriesSheetImport::__construct(): Argument #1 ($service) must be of type Marvel\Services\Import\ProductImportService, Marvel\Services\Import\CategoryImportService given, called in D:\work\meem\packages\marvel\src\Imports\CategoriesImport.php on line 21
&#13;
D:\work\meem\packages\marvel\src\Imports\Sheets\CategoriesSheetImport.php:16
D:\work\meem\packages\marvel\src\Imports\CategoriesImport.php:21
D:\work\meem\vendor\maatwebsite\excel\src\Reader.php:395
D:\work\meem\vendor\maatwebsite\excel\src\Reader.php:254
D:\work\meem\vendor\maatwebsite\excel\src\Reader.php:109
D:\work\meem\vendor\maatwebsite\excel\src\Excel.php:146
D:\work\meem\vendor\laravel\framework\src\Illuminate\Support\Facades\Facade.php:353
D:\work\meem\packages\marvel\src\Jobs\ImportCategoriesJob.php:109
D:\work\meem\tests\Feature\ImportExport\CategoryBrandImportTest.php:294
D:\work\meem\vendor\laravel\framework\src\Illuminate\Foundation\Testing\TestCase.php:174</error>
        </testcase>
        <testcase name="test_transaction_rollback_per_batch_category" file="D:\work\meem\tests\Feature\ImportExport\CategoryBrandImportTest.php" line="306" class="Tests\Feature\ImportExport\CategoryBrandImportTest" classname="Tests.Feature.ImportExport.CategoryBrandImportTest" assertions="0" time="0.061610">
          <error type="TypeError">Tests\Feature\ImportExport\CategoryBrandImportTest::test_transaction_rollback_per_batch_category&#13;
TypeError: Marvel\Imports\Sheets\CategoriesSheetImport::__construct(): Argument #1 ($service) must be of type Marvel\Services\Import\ProductImportService, Marvel\Services\Import\CategoryImportService given, called in D:\work\meem\packages\marvel\src\Imports\CategoriesImport.php on line 21
&#13;
D:\work\meem\packages\marvel\src\Imports\Sheets\CategoriesSheetImport.php:16
D:\work\meem\packages\marvel\src\Imports\CategoriesImport.php:21
D:\work\meem\vendor\maatwebsite\excel\src\Reader.php:395
D:\work\meem\vendor\maatwebsite\excel\src\Reader.php:254
D:\work\meem\vendor\maatwebsite\excel\src\Reader.php:109
D:\work\meem\vendor\maatwebsite\excel\src\Excel.php:146
D:\work\meem\vendor\laravel\framework\src\Illuminate\Support\Facades\Facade.php:353
D:\work\meem\packages\marvel\src\Jobs\ImportCategoriesJob.php:109
D:\work\meem\tests\Feature\ImportExport\CategoryBrandImportTest.php:321
D:\work\meem\vendor\laravel\framework\src\Illuminate\Foundation\Testing\TestCase.php:174</error>
        </testcase>
      </testsuite>
      <testsuite name="Tests\Feature\ImportExport\ExcelContractTest" file="D:\work\meem\tests\Feature\ImportExport\ExcelContractTest.php" tests="20" assertions="48" errors="0" failures="0" skipped="0" time="0.151377">
        <testcase name="test_brand_export_has_exact_sheet_name_and_headers" file="D:\work\meem\tests\Feature\ImportExport\ExcelContractTest.php" line="26" class="Tests\Feature\ImportExport\ExcelContractTest" classname="Tests.Feature.ImportExport.ExcelContractTest" assertions="1" time="0.009246"/>
        <testcase name="test_brand_export_headers_exact_order_no_extra" file="D:\work\meem\tests\Feature\ImportExport\ExcelContractTest.php" line="37" class="Tests\Feature\ImportExport\ExcelContractTest" classname="Tests.Feature.ImportExport.ExcelContractTest" assertions="3" time="0.004154"/>
        <testcase name="test_category_export_has_exact_headers" file="D:\work\meem\tests\Feature\ImportExport\ExcelContractTest.php" line="47" class="Tests\Feature\ImportExport\ExcelContractTest" classname="Tests.Feature.ImportExport.ExcelContractTest" assertions="1" time="0.002524"/>
        <testcase name="test_category_export_headers_count" file="D:\work\meem\tests\Feature\ImportExport\ExcelContractTest.php" line="54" class="Tests\Feature\ImportExport\ExcelContractTest" classname="Tests.Feature.ImportExport.ExcelContractTest" assertions="1" time="0.001286"/>
        <testcase name="test_products_sheet_has_20_headers" file="D:\work\meem\tests\Feature\ImportExport\ExcelContractTest.php" line="61" class="Tests\Feature\ImportExport\ExcelContractTest" classname="Tests.Feature.ImportExport.ExcelContractTest" assertions="2" time="0.001846"/>
        <testcase name="test_product_variants_sheet_has_9_headers" file="D:\work\meem\tests\Feature\ImportExport\ExcelContractTest.php" line="69" class="Tests\Feature\ImportExport\ExcelContractTest" classname="Tests.Feature.ImportExport.ExcelContractTest" assertions="1" time="0.002270"/>
        <testcase name="test_images_sheet_has_2_headers" file="D:\work\meem\tests\Feature\ImportExport\ExcelContractTest.php" line="76" class="Tests\Feature\ImportExport\ExcelContractTest" classname="Tests.Feature.ImportExport.ExcelContractTest" assertions="1" time="0.002981"/>
        <testcase name="test_categories_sheet_has_2_headers" file="D:\work\meem\tests\Feature\ImportExport\ExcelContractTest.php" line="82" class="Tests\Feature\ImportExport\ExcelContractTest" classname="Tests.Feature.ImportExport.ExcelContractTest" assertions="1" time="0.001584"/>
        <testcase name="test_brands_sheet_has_2_headers" file="D:\work\meem\tests\Feature\ImportExport\ExcelContractTest.php" line="88" class="Tests\Feature\ImportExport\ExcelContractTest" classname="Tests.Feature.ImportExport.ExcelContractTest" assertions="1" time="0.002639"/>
        <testcase name="test_flash_sales_sheet_has_2_headers" file="D:\work\meem\tests\Feature\ImportExport\ExcelContractTest.php" line="94" class="Tests\Feature\ImportExport\ExcelContractTest" classname="Tests.Feature.ImportExport.ExcelContractTest" assertions="1" time="0.001000"/>
        <testcase name="test_sliders_sheet_has_2_headers" file="D:\work\meem\tests\Feature\ImportExport\ExcelContractTest.php" line="100" class="Tests\Feature\ImportExport\ExcelContractTest" classname="Tests.Feature.ImportExport.ExcelContractTest" assertions="1" time="0.002022"/>
        <testcase name="test_tags_sheet_has_2_headers" file="D:\work\meem\tests\Feature\ImportExport\ExcelContractTest.php" line="106" class="Tests\Feature\ImportExport\ExcelContractTest" classname="Tests.Feature.ImportExport.ExcelContractTest" assertions="1" time="0.002205"/>
        <testcase name="test_products_export_has_8_sheets_with_exact_names" file="D:\work\meem\tests\Feature\ImportExport\ExcelContractTest.php" line="112" class="Tests\Feature\ImportExport\ExcelContractTest" classname="Tests.Feature.ImportExport.ExcelContractTest" assertions="9" time="0.002188"/>
        <testcase name="test_products_sheet_title" file="D:\work\meem\tests\Feature\ImportExport\ExcelContractTest.php" line="127" class="Tests\Feature\ImportExport\ExcelContractTest" classname="Tests.Feature.ImportExport.ExcelContractTest" assertions="1" time="0.000730"/>
        <testcase name="test_images_sheet_title" file="D:\work\meem\tests\Feature\ImportExport\ExcelContractTest.php" line="132" class="Tests\Feature\ImportExport\ExcelContractTest" classname="Tests.Feature.ImportExport.ExcelContractTest" assertions="1" time="0.000503"/>
        <testcase name="test_all_sheet_titles_match_expected" file="D:\work\meem\tests\Feature\ImportExport\ExcelContractTest.php" line="137" class="Tests\Feature\ImportExport\ExcelContractTest" classname="Tests.Feature.ImportExport.ExcelContractTest" assertions="6" time="0.000752"/>
        <testcase name="test_no_extra_headers_in_products_sheet" file="D:\work\meem\tests\Feature\ImportExport\ExcelContractTest.php" line="147" class="Tests\Feature\ImportExport\ExcelContractTest" classname="Tests.Feature.ImportExport.ExcelContractTest" assertions="2" time="0.002475"/>
        <testcase name="test_sample_files_have_correct_headers" file="D:\work\meem\tests\Feature\ImportExport\ExcelContractTest.php" line="156" class="Tests\Feature\ImportExport\ExcelContractTest" classname="Tests.Feature.ImportExport.ExcelContractTest" assertions="4" time="0.015367"/>
        <testcase name="test_product_sample_has_8_sheets" file="D:\work\meem\tests\Feature\ImportExport\ExcelContractTest.php" line="178" class="Tests\Feature\ImportExport\ExcelContractTest" classname="Tests.Feature.ImportExport.ExcelContractTest" assertions="9" time="0.078626"/>
        <testcase name="test_category_sample_headers" file="D:\work\meem\tests\Feature\ImportExport\ExcelContractTest.php" line="193" class="Tests\Feature\ImportExport\ExcelContractTest" classname="Tests.Feature.ImportExport.ExcelContractTest" assertions="1" time="0.016977"/>
      </testsuite>
      <testsuite name="Tests\Feature\ImportExport\ExportLifecycleTest" file="D:\work\meem\tests\Feature\ImportExport\ExportLifecycleTest.php" tests="11" assertions="32" errors="0" failures="1" skipped="0" time="0.286397">
        <testcase name="test_product_export_applies_same_filter_to_all_eight_sheets" file="D:\work\meem\tests\Feature\ImportExport\ExportLifecycleTest.php" line="58" class="Tests\Feature\ImportExport\ExportLifecycleTest" classname="Tests.Feature.ImportExport.ExportLifecycleTest" assertions="5" time="0.035959"/>
        <testcase name="test_product_export_soft_deleted_products_not_in_any_sheet" file="D:\work\meem\tests\Feature\ImportExport\ExportLifecycleTest.php" line="118" class="Tests\Feature\ImportExport\ExportLifecycleTest" classname="Tests.Feature.ImportExport.ExportLifecycleTest" assertions="2" time="0.006977"/>
        <testcase name="test_product_export_filter_status_narrows_output" file="D:\work\meem\tests\Feature\ImportExport\ExportLifecycleTest.php" line="131" class="Tests\Feature\ImportExport\ExportLifecycleTest" classname="Tests.Feature.ImportExport.ExportLifecycleTest" assertions="2" time="0.010966"/>
        <testcase name="test_product_export_item_type_filter_is_respected" file="D:\work\meem\tests\Feature\ImportExport\ExportLifecycleTest.php" line="151" class="Tests\Feature\ImportExport\ExportLifecycleTest" classname="Tests.Feature.ImportExport.ExportLifecycleTest" assertions="2" time="0.010287"/>
        <testcase name="test_category_export_lifecycle_async" file="D:\work\meem\tests\Feature\ImportExport\ExportLifecycleTest.php" line="162" class="Tests\Feature\ImportExport\ExportLifecycleTest" classname="Tests.Feature.ImportExport.ExportLifecycleTest" assertions="9" time="0.062594">
          <failure type="PHPUnit\Framework\ExpectationFailedException">Tests\Feature\ImportExport\ExportLifecycleTest::test_category_export_lifecycle_async&#13;
Cross-tenant export download must be 404
Failed asserting that 403 matches expected 404.
&#13;
D:\work\meem\tests\Feature\ImportExport\ExportLifecycleTest.php:188
D:\work\meem\vendor\laravel\framework\src\Illuminate\Foundation\Testing\TestCase.php:174</failure>
        </testcase>
        <testcase name="test_brand_export_lifecycle_async" file="D:\work\meem\tests\Feature\ImportExport\ExportLifecycleTest.php" line="191" class="Tests\Feature\ImportExport\ExportLifecycleTest" classname="Tests.Feature.ImportExport.ExportLifecycleTest" assertions="2" time="0.029333"/>
        <testcase name="test_product_export_now_async_not_sync" file="D:\work\meem\tests\Feature\ImportExport\ExportLifecycleTest.php" line="205" class="Tests\Feature\ImportExport\ExportLifecycleTest" classname="Tests.Feature.ImportExport.ExportLifecycleTest" assertions="3" time="0.079890"/>
        <testcase name="test_export_permissions_separate_from_import" file="D:\work\meem\tests\Feature\ImportExport\ExportLifecycleTest.php" line="228" class="Tests\Feature\ImportExport\ExportLifecycleTest" classname="Tests.Feature.ImportExport.ExportLifecycleTest" assertions="2" time="0.034684"/>
        <testcase name="test_export_query_uses_eager_loading_and_not_n_plus_one" file="D:\work\meem\tests\Feature\ImportExport\ExportLifecycleTest.php" line="240" class="Tests\Feature\ImportExport\ExportLifecycleTest" classname="Tests.Feature.ImportExport.ExportLifecycleTest" assertions="1" time="0.010801"/>
        <testcase name="test_export_headers_match_import_contract" file="D:\work\meem\tests\Feature\ImportExport\ExportLifecycleTest.php" line="259" class="Tests\Feature\ImportExport\ExportLifecycleTest" classname="Tests.Feature.ImportExport.ExportLifecycleTest" assertions="2" time="0.000709"/>
        <testcase name="test_soft_deleted_product_export_policy" file="D:\work\meem\tests\Feature\ImportExport\ExportLifecycleTest.php" line="267" class="Tests\Feature\ImportExport\ExportLifecycleTest" classname="Tests.Feature.ImportExport.ExportLifecycleTest" assertions="2" time="0.004198"/>
      </testsuite>
      <testsuite name="Tests\Feature\ImportExport\IdorAndSecurityTest" file="D:\work\meem\tests\Feature\ImportExport\IdorAndSecurityTest.php" tests="16" assertions="17" errors="0" failures="7" skipped="0" time="0.469317">
        <testcase name="test_user_b_cannot_view_user_a_product_import_same_type" file="D:\work\meem\tests\Feature\ImportExport\IdorAndSecurityTest.php" line="70" class="Tests\Feature\ImportExport\IdorAndSecurityTest" classname="Tests.Feature.ImportExport.IdorAndSecurityTest" assertions="1" time="0.041774">
          <failure type="PHPUnit\Framework\ExpectationFailedException">Tests\Feature\ImportExport\IdorAndSecurityTest::test_user_b_cannot_view_user_a_product_import_same_type&#13;
Should not expose other user record
Failed asserting that an array contains 403.
&#13;
D:\work\meem\tests\Feature\ImportExport\IdorAndSecurityTest.php:79
D:\work\meem\vendor\laravel\framework\src\Illuminate\Foundation\Testing\TestCase.php:174</failure>
        </testcase>
        <testcase name="test_user_b_cannot_cancel_user_a_import" file="D:\work\meem\tests\Feature\ImportExport\IdorAndSecurityTest.php" line="88" class="Tests\Feature\ImportExport\IdorAndSecurityTest" classname="Tests.Feature.ImportExport.IdorAndSecurityTest" assertions="1" time="0.030775">
          <failure type="PHPUnit\Framework\ExpectationFailedException">Tests\Feature\ImportExport\IdorAndSecurityTest::test_user_b_cannot_cancel_user_a_import&#13;
Cross-tenant cancel must be 404. Got: {"message":"This action is unauthorized","status":false}
Failed asserting that 403 matches expected 404.
&#13;
D:\work\meem\tests\Feature\ImportExport\IdorAndSecurityTest.php:96
D:\work\meem\vendor\laravel\framework\src\Illuminate\Foundation\Testing\TestCase.php:174</failure>
        </testcase>
        <testcase name="test_user_b_cannot_download_errors_of_user_a" file="D:\work\meem\tests\Feature\ImportExport\IdorAndSecurityTest.php" line="102" class="Tests\Feature\ImportExport\IdorAndSecurityTest" classname="Tests.Feature.ImportExport.IdorAndSecurityTest" assertions="1" time="0.044912">
          <failure type="PHPUnit\Framework\ExpectationFailedException">Tests\Feature\ImportExport\IdorAndSecurityTest::test_user_b_cannot_download_errors_of_user_a&#13;
Error download must be 404 for non-owner. Got: {"message":"This action is unauthorized","status":false}
Failed asserting that 403 matches expected 404.
&#13;
D:\work\meem\tests\Feature\ImportExport\IdorAndSecurityTest.php:110
D:\work\meem\vendor\laravel\framework\src\Illuminate\Foundation\Testing\TestCase.php:174</failure>
        </testcase>
        <testcase name="test_user_b_cannot_view_user_a_category_import" file="D:\work\meem\tests\Feature\ImportExport\IdorAndSecurityTest.php" line="114" class="Tests\Feature\ImportExport\IdorAndSecurityTest" classname="Tests.Feature.ImportExport.IdorAndSecurityTest" assertions="1" time="0.045152">
          <failure type="PHPUnit\Framework\ExpectationFailedException">Tests\Feature\ImportExport\IdorAndSecurityTest::test_user_b_cannot_view_user_a_category_import&#13;
Category IDOR must be 404. Got: {"message":"This action is unauthorized","status":false}
Failed asserting that 403 matches expected 404.
&#13;
D:\work\meem\tests\Feature\ImportExport\IdorAndSecurityTest.php:122
D:\work\meem\vendor\laravel\framework\src\Illuminate\Foundation\Testing\TestCase.php:174</failure>
        </testcase>
        <testcase name="test_user_b_cannot_view_user_a_brand_import" file="D:\work\meem\tests\Feature\ImportExport\IdorAndSecurityTest.php" line="125" class="Tests\Feature\ImportExport\IdorAndSecurityTest" classname="Tests.Feature.ImportExport.IdorAndSecurityTest" assertions="1" time="0.029188">
          <failure type="PHPUnit\Framework\ExpectationFailedException">Tests\Feature\ImportExport\IdorAndSecurityTest::test_user_b_cannot_view_user_a_brand_import&#13;
Brand IDOR must be 404. Got: {"message":"This action is unauthorized","status":false}
Failed asserting that 403 matches expected 404.
&#13;
D:\work\meem\tests\Feature\ImportExport\IdorAndSecurityTest.php:133
D:\work\meem\vendor\laravel\framework\src\Illuminate\Foundation\Testing\TestCase.php:174</failure>
        </testcase>
        <testcase name="test_product_import_id_through_category_endpoint_returns_404" file="D:\work\meem\tests\Feature\ImportExport\IdorAndSecurityTest.php" line="137" class="Tests\Feature\ImportExport\IdorAndSecurityTest" classname="Tests.Feature.ImportExport.IdorAndSecurityTest" assertions="1" time="0.029542"/>
        <testcase name="test_brand_import_through_product_endpoint_returns_404" file="D:\work\meem\tests\Feature\ImportExport\IdorAndSecurityTest.php" line="146" class="Tests\Feature\ImportExport\IdorAndSecurityTest" classname="Tests.Feature.ImportExport.IdorAndSecurityTest" assertions="1" time="0.021273"/>
        <testcase name="test_product_export_id_through_category_export_endpoint_returns_404" file="D:\work\meem\tests\Feature\ImportExport\IdorAndSecurityTest.php" line="155" class="Tests\Feature\ImportExport\IdorAndSecurityTest" classname="Tests.Feature.ImportExport.IdorAndSecurityTest" assertions="1" time="0.021117"/>
        <testcase name="test_product_import_id_through_export_endpoint_must_not_resolve" file="D:\work\meem\tests\Feature\ImportExport\IdorAndSecurityTest.php" line="171" class="Tests\Feature\ImportExport\IdorAndSecurityTest" classname="Tests.Feature.ImportExport.IdorAndSecurityTest" assertions="1" time="0.017933"/>
        <testcase name="test_super_admin_can_view_other_users_import" file="D:\work\meem\tests\Feature\ImportExport\IdorAndSecurityTest.php" line="182" class="Tests\Feature\ImportExport\IdorAndSecurityTest" classname="Tests.Feature.ImportExport.IdorAndSecurityTest" assertions="2" time="0.066493"/>
        <testcase name="test_guest_cannot_access_import_status" file="D:\work\meem\tests\Feature\ImportExport\IdorAndSecurityTest.php" line="197" class="Tests\Feature\ImportExport\IdorAndSecurityTest" classname="Tests.Feature.ImportExport.IdorAndSecurityTest" assertions="1" time="0.022312"/>
        <testcase name="test_guest_cannot_cancel_import" file="D:\work\meem\tests\Feature\ImportExport\IdorAndSecurityTest.php" line="205" class="Tests\Feature\ImportExport\IdorAndSecurityTest" classname="Tests.Feature.ImportExport.IdorAndSecurityTest" assertions="1" time="0.003421"/>
        <testcase name="test_guest_cannot_download_errors" file="D:\work\meem\tests\Feature\ImportExport\IdorAndSecurityTest.php" line="211" class="Tests\Feature\ImportExport\IdorAndSecurityTest" classname="Tests.Feature.ImportExport.IdorAndSecurityTest" assertions="1" time="0.005738"/>
        <testcase name="test_user_without_product_import_permission_cannot_view_even_own_import" file="D:\work\meem\tests\Feature\ImportExport\IdorAndSecurityTest.php" line="219" class="Tests\Feature\ImportExport\IdorAndSecurityTest" classname="Tests.Feature.ImportExport.IdorAndSecurityTest" assertions="1" time="0.022248"/>
        <testcase name="test_user_b_cannot_download_user_a_category_export_file" file="D:\work\meem\tests\Feature\ImportExport\IdorAndSecurityTest.php" line="231" class="Tests\Feature\ImportExport\IdorAndSecurityTest" classname="Tests.Feature.ImportExport.IdorAndSecurityTest" assertions="1" time="0.026384">
          <failure type="PHPUnit\Framework\ExpectationFailedException">Tests\Feature\ImportExport\IdorAndSecurityTest::test_user_b_cannot_download_user_a_category_export_file&#13;
Export download IDOR must be 404. Got: {"message":"This action is unauthorized","status":false}
Failed asserting that 403 matches expected 404.
&#13;
D:\work\meem\tests\Feature\ImportExport\IdorAndSecurityTest.php:248
D:\work\meem\vendor\laravel\framework\src\Illuminate\Foundation\Testing\TestCase.php:174</failure>
        </testcase>
        <testcase name="test_user_b_cannot_use_guessed_export_id_to_download_file" file="D:\work\meem\tests\Feature\ImportExport\IdorAndSecurityTest.php" line="252" class="Tests\Feature\ImportExport\IdorAndSecurityTest" classname="Tests.Feature.ImportExport.IdorAndSecurityTest" assertions="1" time="0.041054">
          <failure type="PHPUnit\Framework\ExpectationFailedException">Tests\Feature\ImportExport\IdorAndSecurityTest::test_user_b_cannot_use_guessed_export_id_to_download_file&#13;
Failed asserting that 403 matches expected 404.
&#13;
D:\work\meem\tests\Feature\ImportExport\IdorAndSecurityTest.php:266
D:\work\meem\vendor\laravel\framework\src\Illuminate\Foundation\Testing\TestCase.php:174</failure>
        </testcase>
      </testsuite>
      <testsuite name="Tests\Feature\ImportExport\ImportLifecycleAndValidationTest" file="D:\work\meem\tests\Feature\ImportExport\ImportLifecycleAndValidationTest.php" tests="14" assertions="38" errors="0" failures="1" skipped="2" time="0.271978">
        <testcase name="test_request_validation_rejects_invalid_file_type" file="D:\work\meem\tests\Feature\ImportExport\ImportLifecycleAndValidationTest.php" line="43" class="Tests\Feature\ImportExport\ImportLifecycleAndValidationTest" classname="Tests.Feature.ImportExport.ImportLifecycleAndValidationTest" assertions="2" time="0.037211"/>
        <testcase name="test_request_validation_rejects_oversized_file" file="D:\work\meem\tests\Feature\ImportExport\ImportLifecycleAndValidationTest.php" line="53" class="Tests\Feature\ImportExport\ImportLifecycleAndValidationTest" classname="Tests.Feature.ImportExport.ImportLifecycleAndValidationTest" assertions="1" time="0.038768"/>
        <testcase name="test_import_status_resource_has_stable_keys" file="D:\work\meem\tests\Feature\ImportExport\ImportLifecycleAndValidationTest.php" line="62" class="Tests\Feature\ImportExport\ImportLifecycleAndValidationTest" classname="Tests.Feature.ImportExport.ImportLifecycleAndValidationTest" assertions="7" time="0.035088"/>
        <testcase name="test_category_status_resource_has_successful_rows" file="D:\work\meem\tests\Feature\ImportExport\ImportLifecycleAndValidationTest.php" line="86" class="Tests\Feature\ImportExport\ImportLifecycleAndValidationTest" classname="Tests.Feature.ImportExport.ImportLifecycleAndValidationTest" assertions="5" time="0.021018"/>
        <testcase name="test_progress_lifecycle" file="D:\work\meem\tests\Feature\ImportExport\ImportLifecycleAndValidationTest.php" line="100" class="Tests\Feature\ImportExport\ImportLifecycleAndValidationTest" classname="Tests.Feature.ImportExport.ImportLifecycleAndValidationTest" assertions="5" time="0.009693"/>
        <testcase name="test_error_report_download_works_and_translated_headers_en" file="D:\work\meem\tests\Feature\ImportExport\ImportLifecycleAndValidationTest.php" line="118" class="Tests\Feature\ImportExport\ImportLifecycleAndValidationTest" classname="Tests.Feature.ImportExport.ImportLifecycleAndValidationTest" assertions="2" time="0.022488"/>
        <testcase name="test_error_report_arabic" file="D:\work\meem\tests\Feature\ImportExport\ImportLifecycleAndValidationTest.php" line="135" class="Tests\Feature\ImportExport\ImportLifecycleAndValidationTest" classname="Tests.Feature.ImportExport.ImportLifecycleAndValidationTest" assertions="1" time="0.030866"/>
        <testcase name="test_stale_processing_reconciliation" file="D:\work\meem\tests\Feature\ImportExport\ImportLifecycleAndValidationTest.php" line="145" class="Tests\Feature\ImportExport\ImportLifecycleAndValidationTest" classname="Tests.Feature.ImportExport.ImportLifecycleAndValidationTest" assertions="3" time="0.011374">
          <skipped/>
        </testcase>
        <testcase name="test_file_pruning_command" file="D:\work\meem\tests\Feature\ImportExport\ImportLifecycleAndValidationTest.php" line="176" class="Tests\Feature\ImportExport\ImportLifecycleAndValidationTest" classname="Tests.Feature.ImportExport.ImportLifecycleAndValidationTest" assertions="1" time="0.003600"/>
        <testcase name="test_search_synchronization_after_import" file="D:\work\meem\tests\Feature\ImportExport\ImportLifecycleAndValidationTest.php" line="190" class="Tests\Feature\ImportExport\ImportLifecycleAndValidationTest" classname="Tests.Feature.ImportExport.ImportLifecycleAndValidationTest" assertions="3" time="0.003615"/>
        <testcase name="test_job_failure_cleans_up_signals" file="D:\work\meem\tests\Feature\ImportExport\ImportLifecycleAndValidationTest.php" line="206" class="Tests\Feature\ImportExport\ImportLifecycleAndValidationTest" classname="Tests.Feature.ImportExport.ImportLifecycleAndValidationTest" assertions="2" time="0.012629">
          <failure type="PHPUnit\Framework\ExpectationFailedException">Tests\Feature\ImportExport\ImportLifecycleAndValidationTest::test_job_failure_cleans_up_signals&#13;
Cancel signal should be cleaned after failure
Failed asserting that file "D:\work\meem\storage\app/imports/cancel_1.json" does not exist.
&#13;
D:\work\meem\tests\Feature\ImportExport\ImportLifecycleAndValidationTest.php:223
D:\work\meem\vendor\laravel\framework\src\Illuminate\Foundation\Testing\TestCase.php:174</failure>
        </testcase>
        <testcase name="test_zip_slip_protection" file="D:\work\meem\tests\Feature\ImportExport\ImportLifecycleAndValidationTest.php" line="231" class="Tests\Feature\ImportExport\ImportLifecycleAndValidationTest" classname="Tests.Feature.ImportExport.ImportLifecycleAndValidationTest" assertions="3" time="0.029148"/>
        <testcase name="test_ssrf_guards_still_block_private_ips" file="D:\work\meem\tests\Feature\ImportExport\ImportLifecycleAndValidationTest.php" line="262" class="Tests\Feature\ImportExport\ImportLifecycleAndValidationTest" classname="Tests.Feature.ImportExport.ImportLifecycleAndValidationTest" assertions="2" time="0.007924"/>
        <testcase name="test_translation_keys_for_new_messages" file="D:\work\meem\tests\Feature\ImportExport\ImportLifecycleAndValidationTest.php" line="291" class="Tests\Feature\ImportExport\ImportLifecycleAndValidationTest" classname="Tests.Feature.ImportExport.ImportLifecycleAndValidationTest" assertions="1" time="0.008555">
          <skipped/>
        </testcase>
      </testsuite>
      <testsuite name="Tests\Feature\ImportExport\ProductImportLifecycleTest" file="D:\work\meem\tests\Feature\ImportExport\ProductImportLifecycleTest.php" tests="16" assertions="43" errors="0" failures="1" skipped="0" time="1.118789">
        <testcase name="test_product_import_single_product_success" file="D:\work\meem\tests\Feature\ImportExport\ProductImportLifecycleTest.php" line="98" class="Tests\Feature\ImportExport\ProductImportLifecycleTest" classname="Tests.Feature.ImportExport.ProductImportLifecycleTest" assertions="1" time="0.117414">
          <failure type="PHPUnit\Framework\ExpectationFailedException">Tests\Feature\ImportExport\ProductImportLifecycleTest::test_product_import_single_product_success&#13;
Failed asserting that two strings are equal.
--- Expected
+++ Actual
@@ @@
-'completed'
+'pending'
&#13;
D:\work\meem\tests\Feature\ImportExport\ProductImportLifecycleTest.php:112
D:\work\meem\vendor\laravel\framework\src\Illuminate\Foundation\Testing\TestCase.php:174</failure>
        </testcase>
        <testcase name="test_product_import_multiple_products_all_success" file="D:\work\meem\tests\Feature\ImportExport\ProductImportLifecycleTest.php" line="119" class="Tests\Feature\ImportExport\ProductImportLifecycleTest" classname="Tests.Feature.ImportExport.ProductImportLifecycleTest" assertions="5" time="0.265864"/>
        <testcase name="test_product_import_partial_success" file="D:\work\meem\tests\Feature\ImportExport\ProductImportLifecycleTest.php" line="141" class="Tests\Feature\ImportExport\ProductImportLifecycleTest" classname="Tests.Feature.ImportExport.ProductImportLifecycleTest" assertions="3" time="0.201783"/>
        <testcase name="test_product_import_all_rows_fail_results_in_failed_status" file="D:\work\meem\tests\Feature\ImportExport\ProductImportLifecycleTest.php" line="160" class="Tests\Feature\ImportExport\ProductImportLifecycleTest" classname="Tests.Feature.ImportExport.ProductImportLifecycleTest" assertions="3" time="0.262441"/>
        <testcase name="test_product_import_numeric_validation_invalid_string_fails_row" file="D:\work\meem\tests\Feature\ImportExport\ProductImportLifecycleTest.php" line="179" class="Tests\Feature\ImportExport\ProductImportLifecycleTest" classname="Tests.Feature.ImportExport.ProductImportLifecycleTest" assertions="2" time="0.010990"/>
        <testcase name="test_product_import_invalid_price_does_not_zero_existing_product_on_update" file="D:\work\meem\tests\Feature\ImportExport\ProductImportLifecycleTest.php" line="204" class="Tests\Feature\ImportExport\ProductImportLifecycleTest" classname="Tests.Feature.ImportExport.ProductImportLifecycleTest" assertions="2" time="0.007855"/>
        <testcase name="test_product_import_enum_validation_invalid_product_type_fails" file="D:\work\meem\tests\Feature\ImportExport\ProductImportLifecycleTest.php" line="221" class="Tests\Feature\ImportExport\ProductImportLifecycleTest" classname="Tests.Feature.ImportExport.ProductImportLifecycleTest" assertions="1" time="0.002814"/>
        <testcase name="test_product_import_enum_validation_invalid_discount_type_fails" file="D:\work\meem\tests\Feature\ImportExport\ProductImportLifecycleTest.php" line="232" class="Tests\Feature\ImportExport\ProductImportLifecycleTest" classname="Tests.Feature.ImportExport.ProductImportLifecycleTest" assertions="1" time="0.002890"/>
        <testcase name="test_product_import_valid_enum_succeeds" file="D:\work\meem\tests\Feature\ImportExport\ProductImportLifecycleTest.php" line="241" class="Tests\Feature\ImportExport\ProductImportLifecycleTest" classname="Tests.Feature.ImportExport.ProductImportLifecycleTest" assertions="2" time="0.010593"/>
        <testcase name="test_product_import_pricing_service_is_used" file="D:\work\meem\tests\Feature\ImportExport\ProductImportLifecycleTest.php" line="251" class="Tests\Feature\ImportExport\ProductImportLifecycleTest" classname="Tests.Feature.ImportExport.ProductImportLifecycleTest" assertions="2" time="0.034021"/>
        <testcase name="test_product_import_row_number_tracking" file="D:\work\meem\tests\Feature\ImportExport\ProductImportLifecycleTest.php" line="263" class="Tests\Feature\ImportExport\ProductImportLifecycleTest" classname="Tests.Feature.ImportExport.ProductImportLifecycleTest" assertions="2" time="0.113825"/>
        <testcase name="test_product_import_empty_row_handling" file="D:\work\meem\tests\Feature\ImportExport\ProductImportLifecycleTest.php" line="283" class="Tests\Feature\ImportExport\ProductImportLifecycleTest" classname="Tests.Feature.ImportExport.ProductImportLifecycleTest" assertions="2" time="0.005913"/>
        <testcase name="test_product_import_multi_sheet_routing" file="D:\work\meem\tests\Feature\ImportExport\ProductImportLifecycleTest.php" line="295" class="Tests\Feature\ImportExport\ProductImportLifecycleTest" classname="Tests.Feature.ImportExport.ProductImportLifecycleTest" assertions="8" time="0.001573"/>
        <testcase name="test_cancel_before_processing_sets_cancelled_and_does_not_process" file="D:\work\meem\tests\Feature\ImportExport\ProductImportLifecycleTest.php" line="311" class="Tests\Feature\ImportExport\ProductImportLifecycleTest" classname="Tests.Feature.ImportExport.ProductImportLifecycleTest" assertions="2" time="0.052683"/>
        <testcase name="test_cancel_after_completion_remains_terminal" file="D:\work\meem\tests\Feature\ImportExport\ProductImportLifecycleTest.php" line="326" class="Tests\Feature\ImportExport\ProductImportLifecycleTest" classname="Tests.Feature.ImportExport.ProductImportLifecycleTest" assertions="2" time="0.018292"/>
        <testcase name="test_product_import_progress_counts" file="D:\work\meem\tests\Feature\ImportExport\ProductImportLifecycleTest.php" line="340" class="Tests\Feature\ImportExport\ProductImportLifecycleTest" classname="Tests.Feature.ImportExport.ProductImportLifecycleTest" assertions="5" time="0.009839"/>
      </testsuite>
      <testsuite name="Tests\Feature\ImportExport\RouteAndStorageTest" file="D:\work\meem\tests\Feature\ImportExport\RouteAndStorageTest.php" tests="15" assertions="38" errors="0" failures="0" skipped="0" time="0.401321">
        <testcase name="test_non_numeric_import_id_returns_404_not_500" file="D:\work\meem\tests\Feature\ImportExport\RouteAndStorageTest.php" line="53" class="Tests\Feature\ImportExport\RouteAndStorageTest" classname="Tests.Feature.ImportExport.RouteAndStorageTest" assertions="5" time="0.049225"/>
        <testcase name="test_non_numeric_category_import_id_returns_404" file="D:\work\meem\tests\Feature\ImportExport\RouteAndStorageTest.php" line="63" class="Tests\Feature\ImportExport\RouteAndStorageTest" classname="Tests.Feature.ImportExport.RouteAndStorageTest" assertions="2" time="0.062778"/>
        <testcase name="test_non_numeric_brand_import_id_returns_404" file="D:\work\meem\tests\Feature\ImportExport\RouteAndStorageTest.php" line="73" class="Tests\Feature\ImportExport\RouteAndStorageTest" classname="Tests.Feature.ImportExport.RouteAndStorageTest" assertions="1" time="0.041495"/>
        <testcase name="test_non_numeric_export_id_returns_404" file="D:\work\meem\tests\Feature\ImportExport\RouteAndStorageTest.php" line="81" class="Tests\Feature\ImportExport\RouteAndStorageTest" classname="Tests.Feature.ImportExport.RouteAndStorageTest" assertions="2" time="0.044491"/>
        <testcase name="test_product_import_upload_goes_to_private_disk_not_public" file="D:\work\meem\tests\Feature\ImportExport\RouteAndStorageTest.php" line="92" class="Tests\Feature\ImportExport\RouteAndStorageTest" classname="Tests.Feature.ImportExport.RouteAndStorageTest" assertions="5" time="0.082888"/>
        <testcase name="test_category_export_generates_private_not_public_file" file="D:\work\meem\tests\Feature\ImportExport\RouteAndStorageTest.php" line="126" class="Tests\Feature\ImportExport\RouteAndStorageTest" classname="Tests.Feature.ImportExport.RouteAndStorageTest" assertions="1" time="0.058106"/>
        <testcase name="test_error_report_filenames_should_be_unique_per_request" file="D:\work\meem\tests\Feature\ImportExport\RouteAndStorageTest.php" line="141" class="Tests\Feature\ImportExport\RouteAndStorageTest" classname="Tests.Feature.ImportExport.RouteAndStorageTest" assertions="1" time="0.054398"/>
        <testcase name="test_import_translation_keys_exist_en" file="D:\work\meem\tests\Feature\ImportExport\RouteAndStorageTest.php" line="173" class="Tests\Feature\ImportExport\RouteAndStorageTest" classname="Tests.Feature.ImportExport.RouteAndStorageTest" assertions="12" time="0.002106"/>
        <testcase name="test_import_translation_keys_exist_ar" file="D:\work\meem\tests\Feature\ImportExport\RouteAndStorageTest.php" line="190" class="Tests\Feature\ImportExport\RouteAndStorageTest" classname="Tests.Feature.ImportExport.RouteAndStorageTest" assertions="2" time="0.001169"/>
        <testcase name="test_imports_has_type_status_index" file="D:\work\meem\tests\Feature\ImportExport\RouteAndStorageTest.php" line="201" class="Tests\Feature\ImportExport\RouteAndStorageTest" classname="Tests.Feature.ImportExport.RouteAndStorageTest" assertions="1" time="0.000997"/>
        <testcase name="test_imports_has_created_by_created_at_index" file="D:\work\meem\tests\Feature\ImportExport\RouteAndStorageTest.php" line="216" class="Tests\Feature\ImportExport\RouteAndStorageTest" classname="Tests.Feature.ImportExport.RouteAndStorageTest" assertions="1" time="0.000704"/>
        <testcase name="test_import_jobs_dispatched_to_meem_bulk" file="D:\work\meem\tests\Feature\ImportExport\RouteAndStorageTest.php" line="229" class="Tests\Feature\ImportExport\RouteAndStorageTest" classname="Tests.Feature.ImportExport.RouteAndStorageTest" assertions="1" time="0.000495"/>
        <testcase name="test_export_jobs_dispatched_to_meem_bulk" file="D:\work\meem\tests\Feature\ImportExport\RouteAndStorageTest.php" line="240" class="Tests\Feature\ImportExport\RouteAndStorageTest" classname="Tests.Feature.ImportExport.RouteAndStorageTest" assertions="1" time="0.001066"/>
        <testcase name="test_import_isTerminal_includes_cancelled" file="D:\work\meem\tests\Feature\ImportExport\RouteAndStorageTest.php" line="248" class="Tests\Feature\ImportExport\RouteAndStorageTest" classname="Tests.Feature.ImportExport.RouteAndStorageTest" assertions="2" time="0.000453"/>
        <testcase name="test_import_status_enum_has_cancelling" file="D:\work\meem\tests\Feature\ImportExport\RouteAndStorageTest.php" line="262" class="Tests\Feature\ImportExport\RouteAndStorageTest" classname="Tests.Feature.ImportExport.RouteAndStorageTest" assertions="1" time="0.000949"/>
      </testsuite>
      <testsuite name="Tests\Feature\ImportExport\SampleDownloadTest" file="D:\work\meem\tests\Feature\ImportExport\SampleDownloadTest.php" tests="14" assertions="28" errors="0" failures="0" skipped="0" time="0.211626">
        <testcase name="test_guest_cannot_download_product_sample" file="D:\work\meem\tests\Feature\ImportExport\SampleDownloadTest.php" line="53" class="Tests\Feature\ImportExport\SampleDownloadTest" classname="Tests.Feature.ImportExport.SampleDownloadTest" assertions="1" time="0.007082"/>
        <testcase name="test_guest_cannot_download_category_sample" file="D:\work\meem\tests\Feature\ImportExport\SampleDownloadTest.php" line="58" class="Tests\Feature\ImportExport\SampleDownloadTest" classname="Tests.Feature.ImportExport.SampleDownloadTest" assertions="1" time="0.023295"/>
        <testcase name="test_guest_cannot_download_brand_sample" file="D:\work\meem\tests\Feature\ImportExport\SampleDownloadTest.php" line="63" class="Tests\Feature\ImportExport\SampleDownloadTest" classname="Tests.Feature.ImportExport.SampleDownloadTest" assertions="1" time="0.004299"/>
        <testcase name="test_authenticated_without_permission_cannot_download_product_sample" file="D:\work\meem\tests\Feature\ImportExport\SampleDownloadTest.php" line="68" class="Tests\Feature\ImportExport\SampleDownloadTest" classname="Tests.Feature.ImportExport.SampleDownloadTest" assertions="1" time="0.012648"/>
        <testcase name="test_authorized_user_can_download_product_sample" file="D:\work\meem\tests\Feature\ImportExport\SampleDownloadTest.php" line="75" class="Tests\Feature\ImportExport\SampleDownloadTest" classname="Tests.Feature.ImportExport.SampleDownloadTest" assertions="2" time="0.019695"/>
        <testcase name="test_authorized_user_can_download_category_sample" file="D:\work\meem\tests\Feature\ImportExport\SampleDownloadTest.php" line="84" class="Tests\Feature\ImportExport\SampleDownloadTest" classname="Tests.Feature.ImportExport.SampleDownloadTest" assertions="2" time="0.014070"/>
        <testcase name="test_authorized_user_can_download_brand_sample" file="D:\work\meem\tests\Feature\ImportExport\SampleDownloadTest.php" line="93" class="Tests\Feature\ImportExport\SampleDownloadTest" classname="Tests.Feature.ImportExport.SampleDownloadTest" assertions="2" time="0.015076"/>
        <testcase name="test_super_admin_can_download_all_samples" file="D:\work\meem\tests\Feature\ImportExport\SampleDownloadTest.php" line="102" class="Tests\Feature\ImportExport\SampleDownloadTest" classname="Tests.Feature.ImportExport.SampleDownloadTest" assertions="3" time="0.021522"/>
        <testcase name="test_missing_product_sample_returns_404_with_translated_message_en" file="D:\work\meem\tests\Feature\ImportExport\SampleDownloadTest.php" line="111" class="Tests\Feature\ImportExport\SampleDownloadTest" classname="Tests.Feature.ImportExport.SampleDownloadTest" assertions="3" time="0.018793"/>
        <testcase name="test_missing_category_sample_returns_404_en" file="D:\work\meem\tests\Feature\ImportExport\SampleDownloadTest.php" line="123" class="Tests\Feature\ImportExport\SampleDownloadTest" classname="Tests.Feature.ImportExport.SampleDownloadTest" assertions="2" time="0.018339"/>
        <testcase name="test_missing_brand_sample_returns_404_not_500" file="D:\work\meem\tests\Feature\ImportExport\SampleDownloadTest.php" line="134" class="Tests\Feature\ImportExport\SampleDownloadTest" classname="Tests.Feature.ImportExport.SampleDownloadTest" assertions="2" time="0.012068"/>
        <testcase name="test_missing_sample_arabic_translation" file="D:\work\meem\tests\Feature\ImportExport\SampleDownloadTest.php" line="146" class="Tests\Feature\ImportExport\SampleDownloadTest" classname="Tests.Feature.ImportExport.SampleDownloadTest" assertions="3" time="0.019496"/>
        <testcase name="test_missing_brand_sample_arabic" file="D:\work\meem\tests\Feature\ImportExport\SampleDownloadTest.php" line="159" class="Tests\Feature\ImportExport\SampleDownloadTest" classname="Tests.Feature.ImportExport.SampleDownloadTest" assertions="2" time="0.012123"/>
        <testcase name="test_product_sample_file_is_readable_workbook" file="D:\work\meem\tests\Feature\ImportExport\SampleDownloadTest.php" line="170" class="Tests\Feature\ImportExport\SampleDownloadTest" classname="Tests.Feature.ImportExport.SampleDownloadTest" assertions="3" time="0.013120"/>
      </testsuite>
    </testsuite>
  </testsuite>
</testsuites>
