<?xml version="1.0" encoding="UTF-8"?>
<testsuites>
  <testsuite name="" tests="122" assertions="251" errors="0" failures="42" skipped="2" time="5.120279">
    <testsuite name="Feature" tests="122" assertions="251" errors="0" failures="42" skipped="2" time="5.120279">
      <testsuite name="Tests\Feature\Brands\BrandImportExportTest" file="D:\work\meem\tests\Feature\Brands\BrandImportExportTest.php" tests="5" assertions="12" errors="0" failures="1" skipped="0" time="0.293845">
        <testcase name="sample_downloads_valid_xlsx_with_contract_headers" file="D:\work\meem\tests\Feature\Brands\BrandImportExportTest.php" line="92" class="Tests\Feature\Brands\BrandImportExportTest" classname="Tests.Feature.Brands.BrandImportExportTest" assertions="2" time="0.157367"/>
        <testcase name="import_dispatches_job_on_meem_high_queue_and_returns_202" file="D:\work\meem\tests\Feature\Brands\BrandImportExportTest.php" line="105" class="Tests\Feature\Brands\BrandImportExportTest" classname="Tests.Feature.Brands.BrandImportExportTest" assertions="4" time="0.096600"/>
        <testcase name="import_requires_authentication_and_permission" file="D:\work\meem\tests\Feature\Brands\BrandImportExportTest.php" line="129" class="Tests\Feature\Brands\BrandImportExportTest" classname="Tests.Feature.Brands.BrandImportExportTest" assertions="2" time="0.006755"/>
        <testcase name="export_start_returns_202_with_export_id" file="D:\work\meem\tests\Feature\Brands\BrandImportExportTest.php" line="136" class="Tests\Feature\Brands\BrandImportExportTest" classname="Tests.Feature.Brands.BrandImportExportTest" assertions="3" time="0.020392"/>
        <testcase name="cancel_on_terminal_import_returns_409" file="D:\work\meem\tests\Feature\Brands\BrandImportExportTest.php" line="150" class="Tests\Feature\Brands\BrandImportExportTest" classname="Tests.Feature.Brands.BrandImportExportTest" assertions="1" time="0.012731">
          <failure type="PHPUnit\Framework\ExpectationFailedException">Tests\Feature\Brands\BrandImportExportTest::cancel_on_terminal_import_returns_409&#13;
Expected response status code [409] but received 404.
Failed asserting that 409 is identical to 404.
&#13;
D:\work\meem\vendor\laravel\framework\src\Illuminate\Testing\TestResponse.php:146
D:\work\meem\tests\Feature\Brands\BrandImportExportTest.php:161
D:\work\meem\vendor\laravel\framework\src\Illuminate\Foundation\Testing\TestCase.php:174</failure>
        </testcase>
      </testsuite>
      <testsuite name="Tests\Feature\ImportExport\CategoryBrandImportTest" file="D:\work\meem\tests\Feature\ImportExport\CategoryBrandImportTest.php" tests="11" assertions="26" errors="0" failures="3" skipped="0" time="1.454045">
        <testcase name="test_category_import_create" file="D:\work\meem\tests\Feature\ImportExport\CategoryBrandImportTest.php" line="63" class="Tests\Feature\ImportExport\CategoryBrandImportTest" classname="Tests.Feature.ImportExport.CategoryBrandImportTest" assertions="1" time="0.096896">
          <failure type="PHPUnit\Framework\ExpectationFailedException">Tests\Feature\ImportExport\CategoryBrandImportTest::test_category_import_create&#13;
Failed asserting that two strings are equal.
--- Expected
+++ Actual
@@ @@
-'completed'
+'pending'
&#13;
D:\work\meem\tests\Feature\ImportExport\CategoryBrandImportTest.php:76
D:\work\meem\vendor\laravel\framework\src\Illuminate\Foundation\Testing\TestCase.php:174</failure>
        </testcase>
        <testcase name="test_category_import_update_does_not_duplicate" file="D:\work\meem\tests\Feature\ImportExport\CategoryBrandImportTest.php" line="84" class="Tests\Feature\ImportExport\CategoryBrandImportTest" classname="Tests.Feature.ImportExport.CategoryBrandImportTest" assertions="3" time="0.087079"/>
        <testcase name="test_category_import_parent_assignment" file="D:\work\meem\tests\Feature\ImportExport\CategoryBrandImportTest.php" line="105" class="Tests\Feature\ImportExport\CategoryBrandImportTest" classname="Tests.Feature.ImportExport.CategoryBrandImportTest" assertions="3" time="0.083085"/>
        <testcase name="test_category_import_child_before_parent_still_assigns" file="D:\work\meem\tests\Feature\ImportExport\CategoryBrandImportTest.php" line="127" class="Tests\Feature\ImportExport\CategoryBrandImportTest" classname="Tests.Feature.ImportExport.CategoryBrandImportTest" assertions="2" time="0.265763"/>
        <testcase name="test_category_import_partial_success" file="D:\work\meem\tests\Feature\ImportExport\CategoryBrandImportTest.php" line="148" class="Tests\Feature\ImportExport\CategoryBrandImportTest" classname="Tests.Feature.ImportExport.CategoryBrandImportTest" assertions="3" time="0.089894"/>
        <testcase name="test_brand_import_create_and_update" file="D:\work\meem\tests\Feature\ImportExport\CategoryBrandImportTest.php" line="168" class="Tests\Feature\ImportExport\CategoryBrandImportTest" classname="Tests.Feature.ImportExport.CategoryBrandImportTest" assertions="5" time="0.163923"/>
        <testcase name="test_brand_import_partial_success" file="D:\work\meem\tests\Feature\ImportExport\CategoryBrandImportTest.php" line="199" class="Tests\Feature\ImportExport\CategoryBrandImportTest" classname="Tests.Feature.ImportExport.CategoryBrandImportTest" assertions="1" time="0.077747"/>
        <testcase name="test_category_import_withMultipleSheets_only_first_sheet_processed" file="D:\work\meem\tests\Feature\ImportExport\CategoryBrandImportTest.php" line="217" class="Tests\Feature\ImportExport\CategoryBrandImportTest" classname="Tests.Feature.ImportExport.CategoryBrandImportTest" assertions="1" time="0.237004">
          <failure type="PHPUnit\Framework\ExpectationFailedException">Tests\Feature\ImportExport\CategoryBrandImportTest::test_category_import_withMultipleSheets_only_first_sheet_processed&#13;
Stray second sheet must not be processed (BE-014). Got 2
Failed asserting that 2 matches expected 1.
&#13;
D:\work\meem\tests\Feature\ImportExport\CategoryBrandImportTest.php:243
D:\work\meem\vendor\laravel\framework\src\Illuminate\Foundation\Testing\TestCase.php:174</failure>
        </testcase>
        <testcase name="test_brand_import_withMultipleSheets_only_first_sheet_processed" file="D:\work\meem\tests\Feature\ImportExport\CategoryBrandImportTest.php" line="253" class="Tests\Feature\ImportExport\CategoryBrandImportTest" classname="Tests.Feature.ImportExport.CategoryBrandImportTest" assertions="1" time="0.077120">
          <failure type="PHPUnit\Framework\ExpectationFailedException">Tests\Feature\ImportExport\CategoryBrandImportTest::test_brand_import_withMultipleSheets_only_first_sheet_processed&#13;
Brand stray sheet must not be processed BE-014
Failed asserting that 2 matches expected 1.
&#13;
D:\work\meem\tests\Feature\ImportExport\CategoryBrandImportTest.php:274
D:\work\meem\vendor\laravel\framework\src\Illuminate\Foundation\Testing\TestCase.php:174</failure>
        </testcase>
        <testcase name="test_import_retry_idempotency_product_image_not_duplicated" file="D:\work\meem\tests\Feature\ImportExport\CategoryBrandImportTest.php" line="281" class="Tests\Feature\ImportExport\CategoryBrandImportTest" classname="Tests.Feature.ImportExport.CategoryBrandImportTest" assertions="2" time="0.177381"/>
        <testcase name="test_transaction_rollback_per_batch_category" file="D:\work\meem\tests\Feature\ImportExport\CategoryBrandImportTest.php" line="306" class="Tests\Feature\ImportExport\CategoryBrandImportTest" classname="Tests.Feature.ImportExport.CategoryBrandImportTest" assertions="4" time="0.098152"/>
      </testsuite>
      <testsuite name="Tests\Feature\ImportExport\ExcelContractTest" file="D:\work\meem\tests\Feature\ImportExport\ExcelContractTest.php" tests="20" assertions="48" errors="0" failures="0" skipped="0" time="0.163504">
        <testcase name="test_brand_export_has_exact_sheet_name_and_headers" file="D:\work\meem\tests\Feature\ImportExport\ExcelContractTest.php" line="26" class="Tests\Feature\ImportExport\ExcelContractTest" classname="Tests.Feature.ImportExport.ExcelContractTest" assertions="1" time="0.001791"/>
        <testcase name="test_brand_export_headers_exact_order_no_extra" file="D:\work\meem\tests\Feature\ImportExport\ExcelContractTest.php" line="37" class="Tests\Feature\ImportExport\ExcelContractTest" classname="Tests.Feature.ImportExport.ExcelContractTest" assertions="3" time="0.001675"/>
        <testcase name="test_category_export_has_exact_headers" file="D:\work\meem\tests\Feature\ImportExport\ExcelContractTest.php" line="47" class="Tests\Feature\ImportExport\ExcelContractTest" classname="Tests.Feature.ImportExport.ExcelContractTest" assertions="1" time="0.003257"/>
        <testcase name="test_category_export_headers_count" file="D:\work\meem\tests\Feature\ImportExport\ExcelContractTest.php" line="54" class="Tests\Feature\ImportExport\ExcelContractTest" classname="Tests.Feature.ImportExport.ExcelContractTest" assertions="1" time="0.001048"/>
        <testcase name="test_products_sheet_has_20_headers" file="D:\work\meem\tests\Feature\ImportExport\ExcelContractTest.php" line="61" class="Tests\Feature\ImportExport\ExcelContractTest" classname="Tests.Feature.ImportExport.ExcelContractTest" assertions="2" time="0.001300"/>
        <testcase name="test_product_variants_sheet_has_9_headers" file="D:\work\meem\tests\Feature\ImportExport\ExcelContractTest.php" line="69" class="Tests\Feature\ImportExport\ExcelContractTest" classname="Tests.Feature.ImportExport.ExcelContractTest" assertions="1" time="0.001790"/>
        <testcase name="test_images_sheet_has_2_headers" file="D:\work\meem\tests\Feature\ImportExport\ExcelContractTest.php" line="76" class="Tests\Feature\ImportExport\ExcelContractTest" classname="Tests.Feature.ImportExport.ExcelContractTest" assertions="1" time="0.001464"/>
        <testcase name="test_categories_sheet_has_2_headers" file="D:\work\meem\tests\Feature\ImportExport\ExcelContractTest.php" line="82" class="Tests\Feature\ImportExport\ExcelContractTest" classname="Tests.Feature.ImportExport.ExcelContractTest" assertions="1" time="0.003009"/>
        <testcase name="test_brands_sheet_has_2_headers" file="D:\work\meem\tests\Feature\ImportExport\ExcelContractTest.php" line="88" class="Tests\Feature\ImportExport\ExcelContractTest" classname="Tests.Feature.ImportExport.ExcelContractTest" assertions="1" time="0.000673"/>
        <testcase name="test_flash_sales_sheet_has_2_headers" file="D:\work\meem\tests\Feature\ImportExport\ExcelContractTest.php" line="94" class="Tests\Feature\ImportExport\ExcelContractTest" classname="Tests.Feature.ImportExport.ExcelContractTest" assertions="1" time="0.000697"/>
        <testcase name="test_sliders_sheet_has_2_headers" file="D:\work\meem\tests\Feature\ImportExport\ExcelContractTest.php" line="100" class="Tests\Feature\ImportExport\ExcelContractTest" classname="Tests.Feature.ImportExport.ExcelContractTest" assertions="1" time="0.000685"/>
        <testcase name="test_tags_sheet_has_2_headers" file="D:\work\meem\tests\Feature\ImportExport\ExcelContractTest.php" line="106" class="Tests\Feature\ImportExport\ExcelContractTest" classname="Tests.Feature.ImportExport.ExcelContractTest" assertions="1" time="0.000996"/>
        <testcase name="test_products_export_has_8_sheets_with_exact_names" file="D:\work\meem\tests\Feature\ImportExport\ExcelContractTest.php" line="112" class="Tests\Feature\ImportExport\ExcelContractTest" classname="Tests.Feature.ImportExport.ExcelContractTest" assertions="9" time="0.001519"/>
        <testcase name="test_products_sheet_title" file="D:\work\meem\tests\Feature\ImportExport\ExcelContractTest.php" line="127" class="Tests\Feature\ImportExport\ExcelContractTest" classname="Tests.Feature.ImportExport.ExcelContractTest" assertions="1" time="0.000390"/>
        <testcase name="test_images_sheet_title" file="D:\work\meem\tests\Feature\ImportExport\ExcelContractTest.php" line="132" class="Tests\Feature\ImportExport\ExcelContractTest" classname="Tests.Feature.ImportExport.ExcelContractTest" assertions="1" time="0.000575"/>
        <testcase name="test_all_sheet_titles_match_expected" file="D:\work\meem\tests\Feature\ImportExport\ExcelContractTest.php" line="137" class="Tests\Feature\ImportExport\ExcelContractTest" classname="Tests.Feature.ImportExport.ExcelContractTest" assertions="6" time="0.000376"/>
        <testcase name="test_no_extra_headers_in_products_sheet" file="D:\work\meem\tests\Feature\ImportExport\ExcelContractTest.php" line="147" class="Tests\Feature\ImportExport\ExcelContractTest" classname="Tests.Feature.ImportExport.ExcelContractTest" assertions="2" time="0.001953"/>
        <testcase name="test_sample_files_have_correct_headers" file="D:\work\meem\tests\Feature\ImportExport\ExcelContractTest.php" line="156" class="Tests\Feature\ImportExport\ExcelContractTest" classname="Tests.Feature.ImportExport.ExcelContractTest" assertions="4" time="0.004873"/>
        <testcase name="test_product_sample_has_8_sheets" file="D:\work\meem\tests\Feature\ImportExport\ExcelContractTest.php" line="178" class="Tests\Feature\ImportExport\ExcelContractTest" classname="Tests.Feature.ImportExport.ExcelContractTest" assertions="9" time="0.122368"/>
        <testcase name="test_category_sample_headers" file="D:\work\meem\tests\Feature\ImportExport\ExcelContractTest.php" line="193" class="Tests\Feature\ImportExport\ExcelContractTest" classname="Tests.Feature.ImportExport.ExcelContractTest" assertions="1" time="0.013067"/>
      </testsuite>
      <testsuite name="Tests\Feature\ImportExport\ExportLifecycleTest" file="D:\work\meem\tests\Feature\ImportExport\ExportLifecycleTest.php" tests="11" assertions="32" errors="0" failures="2" skipped="0" time="0.355957">
        <testcase name="test_product_export_applies_same_filter_to_all_eight_sheets" file="D:\work\meem\tests\Feature\ImportExport\ExportLifecycleTest.php" line="58" class="Tests\Feature\ImportExport\ExportLifecycleTest" classname="Tests.Feature.ImportExport.ExportLifecycleTest" assertions="6" time="0.044453">
          <failure type="PHPUnit\Framework\ExpectationFailedException">Tests\Feature\ImportExport\ExportLifecycleTest::test_product_export_applies_same_filter_to_all_eight_sheets&#13;
Brand sheet leaked unfiltered product
Failed asserting that 'FILTER-002' is not equal to 'FILTER-002'.
&#13;
D:\work\meem\tests\Feature\ImportExport\ExportLifecycleTest.php:99
D:\work\meem\vendor\laravel\framework\src\Illuminate\Foundation\Testing\TestCase.php:174</failure>
        </testcase>
        <testcase name="test_product_export_soft_deleted_products_not_in_any_sheet" file="D:\work\meem\tests\Feature\ImportExport\ExportLifecycleTest.php" line="118" class="Tests\Feature\ImportExport\ExportLifecycleTest" classname="Tests.Feature.ImportExport.ExportLifecycleTest" assertions="2" time="0.008693"/>
        <testcase name="test_product_export_filter_status_narrows_output" file="D:\work\meem\tests\Feature\ImportExport\ExportLifecycleTest.php" line="131" class="Tests\Feature\ImportExport\ExportLifecycleTest" classname="Tests.Feature.ImportExport.ExportLifecycleTest" assertions="2" time="0.008896"/>
        <testcase name="test_product_export_item_type_filter_is_respected" file="D:\work\meem\tests\Feature\ImportExport\ExportLifecycleTest.php" line="151" class="Tests\Feature\ImportExport\ExportLifecycleTest" classname="Tests.Feature.ImportExport.ExportLifecycleTest" assertions="2" time="0.005442"/>
        <testcase name="test_category_export_lifecycle_async" file="D:\work\meem\tests\Feature\ImportExport\ExportLifecycleTest.php" line="162" class="Tests\Feature\ImportExport\ExportLifecycleTest" classname="Tests.Feature.ImportExport.ExportLifecycleTest" assertions="9" time="0.089398">
          <failure type="PHPUnit\Framework\ExpectationFailedException">Tests\Feature\ImportExport\ExportLifecycleTest::test_category_export_lifecycle_async&#13;
Cross-tenant export download must be 404
Failed asserting that 500 matches expected 404.&#13;
&#13;
The following exception occurred during the last request:

TypeError: App\Policies\ImportPolicy::view(): Argument #1 ($user) must be of type App\Models\User, Marvel\Database\Models\User given, called in D:\work\meem\vendor\laravel\framework\src\Illuminate\Auth\Access\Gate.php on line 811 and defined in D:\work\meem\app\Policies\ImportPolicy.php:14
Stack trace:
#0 D:\work\meem\vendor\laravel\framework\src\Illuminate\Auth\Access\Gate.php(811): App\Policies\ImportPolicy-&gt;view(Object(Marvel\Database\Models\User), Object(Marvel\Database\Models\Import))
#1 D:\work\meem\vendor\laravel\framework\src\Illuminate\Auth\Access\Gate.php(764): Illuminate\Auth\Access\Gate-&gt;callPolicyMethod(Object(App\Policies\ImportPolicy), 'view', Object(Marvel\Database\Models\User), Array)
#2 D:\work\meem\vendor\laravel\framework\src\Illuminate\Auth\Access\Gate.php(548): Illuminate\Auth\Access\Gate-&gt;Illuminate\Auth\Access\{closure}(Object(Marvel\Database\Models\User), Object(Marvel\Database\Models\Import))
#3 D:\work\meem\vendor\laravel\framework\src\Illuminate\Auth\Access\Gate.php(443): Illuminate\Auth\Access\Gate-&gt;callAuthCallback(Object(Marvel\Database\Models\User), 'view', Array)
#4 D:\work\meem\vendor\laravel\framework\src\Illuminate\Auth\Access\Gate.php(406): Illuminate\Auth\Access\Gate-&gt;raw('view', Array)
#5 D:\work\meem\vendor\laravel\framework\src\Illuminate\Auth\Access\Gate.php(393): Illuminate\Auth\Access\Gate-&gt;inspect('view', Object(Marvel\Database\Models\Import))
#6 D:\work\meem\vendor\laravel\framework\src\Illuminate\Foundation\Auth\Access\AuthorizesRequests.php(23): Illuminate\Auth\Access\Gate-&gt;authorize('view', Object(Marvel\Database\Models\Import))
#7 D:\work\meem\packages\marvel\src\Http\Controllers\CategoryExportController.php(89): App\Http\Controllers\Controller-&gt;authorize('view', Object(Marvel\Database\Models\Import))
#8 D:\work\meem\vendor\laravel\framework\src\Illuminate\Routing\Controller.php(54): Marvel\Http\Controllers\CategoryExportController-&gt;download(1)
#9 D:\work\meem\vendor\laravel\framework\src\Illuminate\Routing\ControllerDispatcher.php(43): Illuminate\Routing\Controller-&gt;callAction('download', Array)
#10 D:\work\meem\vendor\laravel\framework\src\Illuminate\Routing\Route.php(259): Illuminate\Routing\ControllerDispatcher-&gt;dispatch(Object(Illuminate\Routing\Route), Object(Marvel\Http\Controllers\CategoryExportController), 'download')
#11 D:\work\meem\vendor\laravel\framework\src\Illuminate\Routing\Route.php(205): Illuminate\Routing\Route-&gt;runController()
#12 D:\work\meem\vendor\laravel\framework\src\Illuminate\Routing\Router.php(799): Illuminate\Routing\Route-&gt;run()
#13 D:\work\meem\vendor\laravel\framework\src\Illuminate\Pipeline\Pipeline.php(141): Illuminate\Routing\Router-&gt;Illuminate\Routing\{closure}(Object(Illuminate\Http\Request))
#14 D:\work\meem\vendor\spatie\laravel-permission\src\Middleware\PermissionMiddleware.php(39): Illuminate\Pipeline\Pipeline-&gt;Illuminate\Pipeline\{closure}(Object(Illuminate\Http\Request))
#15 D:\work\meem\vendor\laravel\framework\src\Illuminate\Pipeline\Pipeline.php(180): Spatie\Permission\Middleware\PermissionMiddleware-&gt;handle(Object(Illuminate\Http\Request), Object(Closure), 'export-category...')
#16 D:\work\meem\app\Http\Middleware\CheckLangMiddleware.php(27): Illuminate\Pipeline\Pipeline-&gt;Illuminate\Pipeline\{closure}(Object(Illuminate\Http\Request))
#17 D:\work\meem\vendor\laravel\framework\src\Illuminate\Pipeline\Pipeline.php(180): App\Http\Middleware\CheckLangMiddleware-&gt;handle(Object(Illuminate\Http\Request), Object(Closure))
#18 D:\work\meem\app\Http\Middleware\ChannelMiddleware.php(25): Illuminate\Pipeline\Pipeline-&gt;Illuminate\Pipeline\{closure}(Object(Illuminate\Http\Request))
#19 D:\work\meem\vendor\laravel\framework\src\Illuminate\Pipeline\Pipeline.php(180): App\Http\Middleware\ChannelMiddleware-&gt;handle(Object(Illuminate\Http\Request), Object(Closure))
#20 D:\work\meem\vendor\laravel\framework\src\Illuminate\Routing\Middleware\SubstituteBindings.php(50): Illuminate\Pipeline\Pipeline-&gt;Illuminate\Pipeline\{closure}(Object(Illuminate\Http\Request))
#21 D:\work\meem\vendor\laravel\framework\src\Illuminate\Pipeline\Pipeline.php(180): Illuminate\Routing\Middleware\SubstituteBindings-&gt;handle(Object(Illuminate\Http\Request), Object(Closure))
#22 D:\work\meem\vendor\laravel\framework\src\Illuminate\Routing\Middleware\ThrottleRequests.php(159): Illuminate\Pipeline\Pipeline-&gt;Illuminate\Pipeline\{closure}(Object(Illuminate\Http\Request))
#23 D:\work\meem\vendor\laravel\framework\src\Illuminate\Routing\Middleware\ThrottleRequests.php(125): Illuminate\Routing\Middleware\ThrottleRequests-&gt;handleRequest(Object(Illuminate\Http\Request), Object(Closure), Array)
#24 D:\work\meem\vendor\laravel\framework\src\Illuminate\Routing\Middleware\ThrottleRequests.php(87): Illuminate\Routing\Middleware\ThrottleRequests-&gt;handleRequestUsingNamedLimiter(Object(Illuminate\Http\Request), Object(Closure), 'admin', Object(Closure))
#25 D:\work\meem\vendor\laravel\framework\src\Illuminate\Pipeline\Pipeline.php(180): Illuminate\Routing\Middleware\ThrottleRequests-&gt;handle(Object(Illuminate\Http\Request), Object(Closure), 'admin')
#26 D:\work\meem\vendor\laravel\framework\src\Illuminate\Routing\Middleware\ThrottleRequests.php(159): Illuminate\Pipeline\Pipeline-&gt;Illuminate\Pipeline\{closure}(Object(Illuminate\Http\Request))
#27 D:\work\meem\vendor\laravel\framework\src\Illuminate\Routing\Middleware\ThrottleRequests.php(125): Illuminate\Routing\Middleware\ThrottleRequests-&gt;handleRequest(Object(Illuminate\Http\Request), Object(Closure), Array)
#28 D:\work\meem\vendor\laravel\framework\src\Illuminate\Routing\Middleware\ThrottleRequests.php(87): Illuminate\Routing\Middleware\ThrottleRequests-&gt;handleRequestUsingNamedLimiter(Object(Illuminate\Http\Request), Object(Closure), 'api', Object(Closure))
#29 D:\work\meem\vendor\laravel\framework\src\Illuminate\Pipeline\Pipeline.php(180): Illuminate\Routing\Middleware\ThrottleRequests-&gt;handle(Object(Illuminate\Http\Request), Object(Closure), 'api')
#30 D:\work\meem\vendor\laravel\framework\src\Illuminate\Auth\Middleware\Authenticate.php(57): Illuminate\Pipeline\Pipeline-&gt;Illuminate\Pipeline\{closure}(Object(Illuminate\Http\Request))
#31 D:\work\meem\vendor\laravel\framework\src\Illuminate\Pipeline\Pipeline.php(180): Illuminate\Auth\Middleware\Authenticate-&gt;handle(Object(Illuminate\Http\Request), Object(Closure), 'sanctum')
#32 D:\work\meem\vendor\laravel\framework\src\Illuminate\Cookie\Middleware\AddQueuedCookiesToResponse.php(37): Illuminate\Pipeline\Pipeline-&gt;Illuminate\Pipeline\{closure}(Object(Illuminate\Http\Request))
#33 D:\work\meem\vendor\laravel\framework\src\Illuminate\Pipeline\Pipeline.php(180): Illuminate\Cookie\Middleware\AddQueuedCookiesToResponse-&gt;handle(Object(Illuminate\Http\Request), Object(Closure))
#34 D:\work\meem\vendor\laravel\framework\src\Illuminate\Cookie\Middleware\EncryptCookies.php(67): Illuminate\Pipeline\Pipeline-&gt;Illuminate\Pipeline\{closure}(Object(Illuminate\Http\Request))
#35 D:\work\meem\vendor\laravel\framework\src\Illuminate\Pipeline\Pipeline.php(180): Illuminate\Cookie\Middleware\EncryptCookies-&gt;handle(Object(Illuminate\Http\Request), Object(Closure))
#36 D:\work\meem\vendor\laravel\framework\src\Illuminate\Pipeline\Pipeline.php(116): Illuminate\Pipeline\Pipeline-&gt;Illuminate\Pipeline\{closure}(Object(Illuminate\Http\Request))
#37 D:\work\meem\vendor\laravel\framework\src\Illuminate\Routing\Router.php(798): Illuminate\Pipeline\Pipeline-&gt;then(Object(Closure))
#38 D:\work\meem\vendor\laravel\framework\src\Illuminate\Routing\Router.php(777): Illuminate\Routing\Router-&gt;runRouteWithinStack(Object(Illuminate\Routing\Route), Object(Illuminate\Http\Request))
#39 D:\work\meem\vendor\laravel\framework\src\Illuminate\Routing\Router.php(741): Illuminate\Routing\Router-&gt;runRoute(Object(Illuminate\Http\Request), Object(Illuminate\Routing\Route))
#40 D:\work\meem\vendor\laravel\framework\src\Illuminate\Routing\Router.php(730): Illuminate\Routing\Router-&gt;dispatchToRoute(Object(Illuminate\Http\Request))
#41 D:\work\meem\vendor\laravel\framework\src\Illuminate\Foundation\Http\Kernel.php(200): Illuminate\Routing\Router-&gt;dispatch(Object(Illuminate\Http\Request))
#42 D:\work\meem\vendor\laravel\framework\src\Illuminate\Pipeline\Pipeline.php(141): Illuminate\Foundation\Http\Kernel-&gt;Illuminate\Foundation\Http\{closure}(Object(Illuminate\Http\Request))
#43 D:\work\meem\vendor\laravel\framework\src\Illuminate\Http\Middleware\HandleCors.php(62): Illuminate\Pipeline\Pipeline-&gt;Illuminate\Pipeline\{closure}(Object(Illuminate\Http\Request))
#44 D:\work\meem\vendor\laravel\framework\src\Illuminate\Pipeline\Pipeline.php(180): Illuminate\Http\Middleware\HandleCors-&gt;handle(Object(Illuminate\Http\Request), Object(Closure))
#45 D:\work\meem\vendor\laravel\framework\src\Illuminate\Foundation\Http\Middleware\TransformsRequest.php(21): Illuminate\Pipeline\Pipeline-&gt;Illuminate\Pipeline\{closure}(Object(Illuminate\Http\Request))
#46 D:\work\meem\vendor\laravel\framework\src\Illuminate\Foundation\Http\Middleware\ConvertEmptyStringsToNull.php(31): Illuminate\Foundation\Http\Middleware\TransformsRequest-&gt;handle(Object(Illuminate\Http\Request), Object(Closure))
#47 D:\work\meem\vendor\laravel\framework\src\Illuminate\Pipeline\Pipeline.php(180): Illuminate\Foundation\Http\Middleware\ConvertEmptyStringsToNull-&gt;handle(Object(Illuminate\Http\Request), Object(Closure))
#48 D:\work\meem\vendor\laravel\framework\src\Illuminate\Foundation\Http\Middleware\TransformsRequest.php(21): Illuminate\Pipeline\Pipeline-&gt;Illuminate\Pipeline\{closure}(Object(Illuminate\Http\Request))
#49 D:\work\meem\vendor\laravel\framework\src\Illuminate\Foundation\Http\Middleware\TrimStrings.php(40): Illuminate\Foundation\Http\Middleware\TransformsRequest-&gt;handle(Object(Illuminate\Http\Request), Object(Closure))
#50 D:\work\meem\vendor\laravel\framework\src\Illuminate\Pipeline\Pipeline.php(180): Illuminate\Foundation\Http\Middleware\TrimStrings-&gt;handle(Object(Illuminate\Http\Request), Object(Closure))
#51 D:\work\meem\vendor\laravel\framework\src\Illuminate\Foundation\Http\Middleware\ValidatePostSize.php(27): Illuminate\Pipeline\Pipeline-&gt;Illuminate\Pipeline\{closure}(Object(Illuminate\Http\Request))
#52 D:\work\meem\vendor\laravel\framework\src\Illuminate\Pipeline\Pipeline.php(180): Illuminate\Foundation\Http\Middleware\ValidatePostSize-&gt;handle(Object(Illuminate\Http\Request), Object(Closure))
#53 D:\work\meem\vendor\laravel\framework\src\Illuminate\Foundation\Http\Middleware\PreventRequestsDuringMaintenance.php(99): Illuminate\Pipeline\Pipeline-&gt;Illuminate\Pipeline\{closure}(Object(Illuminate\Http\Request))
#54 D:\work\meem\vendor\laravel\framework\src\Illuminate\Pipeline\Pipeline.php(180): Illuminate\Foundation\Http\Middleware\PreventRequestsDuringMaintenance-&gt;handle(Object(Illuminate\Http\Request), Object(Closure))
#55 D:\work\meem\vendor\laravel\framework\src\Illuminate\Http\Middleware\TrustProxies.php(39): Illuminate\Pipeline\Pipeline-&gt;Illuminate\Pipeline\{closure}(Object(Illuminate\Http\Request))
#56 D:\work\meem\vendor\laravel\framework\src\Illuminate\Pipeline\Pipeline.php(180): Illuminate\Http\Middleware\TrustProxies-&gt;handle(Object(Illuminate\Http\Request), Object(Closure))
#57 D:\work\meem\vendor\laravel\framework\src\Illuminate\Pipeline\Pipeline.php(116): Illuminate\Pipeline\Pipeline-&gt;Illuminate\Pipeline\{closure}(Object(Illuminate\Http\Request))
#58 D:\work\meem\vendor\laravel\framework\src\Illuminate\Foundation\Http\Kernel.php(175): Illuminate\Pipeline\Pipeline-&gt;then(Object(Closure))
#59 D:\work\meem\vendor\laravel\framework\src\Illuminate\Foundation\Http\Kernel.php(144): Illuminate\Foundation\Http\Kernel-&gt;sendRequestThroughRouter(Object(Illuminate\Http\Request))
#60 D:\work\meem\vendor\laravel\framework\src\Illuminate\Foundation\Testing\Concerns\MakesHttpRequests.php(573): Illuminate\Foundation\Http\Kernel-&gt;handle(Object(Illuminate\Http\Request))
#61 D:\work\meem\vendor\laravel\framework\src\Illuminate\Foundation\Testing\Concerns\MakesHttpRequests.php(539): Illuminate\Foundation\Testing\TestCase-&gt;call('GET', '/api/v1/categor...', Array, Array, Array, Array, '[]')
#62 D:\work\meem\vendor\laravel\framework\src\Illuminate\Foundation\Testing\Concerns\MakesHttpRequests.php(347): Illuminate\Foundation\Testing\TestCase-&gt;json('GET', '/api/v1/categor...', Array, Array, 0)
#63 D:\work\meem\tests\Feature\ImportExport\ExportLifecycleTest.php(187): Illuminate\Foundation\Testing\TestCase-&gt;getJson('/api/v1/categor...')
#64 D:\work\meem\vendor\phpunit\phpunit\src\Framework\TestCase.php(1030): Tests\Feature\ImportExport\ExportLifecycleTest-&gt;test_category_export_lifecycle_async()
#65 D:\work\meem\vendor\laravel\framework\src\Illuminate\Foundation\Testing\TestCase.php(174): PHPUnit\Framework\TestCase-&gt;runTest()
#66 D:\work\meem\vendor\phpunit\phpunit\src\Framework\TestCase.php(627): Illuminate\Foundation\Testing\TestCase-&gt;runTest()
#67 D:\work\meem\vendor\phpunit\phpunit\src\Framework\TestRunner.php(101): PHPUnit\Framework\TestCase-&gt;runBare()
#68 D:\work\meem\vendor\phpunit\phpunit\src\Framework\TestCase.php(456): PHPUnit\Framework\TestRunner-&gt;run(Object(Tests\Feature\ImportExport\ExportLifecycleTest))
#69 D:\work\meem\vendor\phpunit\phpunit\src\Framework\TestSuite.php(352): PHPUnit\Framework\TestCase-&gt;run()
#70 D:\work\meem\vendor\phpunit\phpunit\src\Framework\TestSuite.php(352): PHPUnit\Framework\TestSuite-&gt;run()
#71 D:\work\meem\vendor\phpunit\phpunit\src\Framework\TestSuite.php(352): PHPUnit\Framework\TestSuite-&gt;run()
#72 D:\work\meem\vendor\phpunit\phpunit\src\TextUI\TestRunner.php(63): PHPUnit\Framework\TestSuite-&gt;run()
#73 D:\work\meem\vendor\phpunit\phpunit\src\TextUI\Application.php(141): PHPUnit\TextUI\TestRunner-&gt;run(Object(PHPUnit\TextUI\Configuration\Configuration), Object(PHPUnit\Runner\ResultCache\DefaultResultCache), Object(PHPUnit\Framework\TestSuite))
#74 D:\work\meem\vendor\phpunit\phpunit\phpunit(90): PHPUnit\TextUI\Application-&gt;run(Array)
#75 D:\work\meem\vendor\bin\phpunit(122): include('D:\\work\\meem\\ve...')
#76 {main}

----------------------------------------------------------------------------------

App\Policies\ImportPolicy::view(): Argument #1 ($user) must be of type App\Models\User, Marvel\Database\Models\User given, called in D:\work\meem\vendor\laravel\framework\src\Illuminate\Auth\Access\Gate.php on line 811
&#13;
D:\work\meem\tests\Feature\ImportExport\ExportLifecycleTest.php:188
D:\work\meem\vendor\laravel\framework\src\Illuminate\Foundation\Testing\TestCase.php:174</failure>
        </testcase>
        <testcase name="test_brand_export_lifecycle_async" file="D:\work\meem\tests\Feature\ImportExport\ExportLifecycleTest.php" line="191" class="Tests\Feature\ImportExport\ExportLifecycleTest" classname="Tests.Feature.ImportExport.ExportLifecycleTest" assertions="2" time="0.036332"/>
        <testcase name="test_product_export_now_async_not_sync" file="D:\work\meem\tests\Feature\ImportExport\ExportLifecycleTest.php" line="204" class="Tests\Feature\ImportExport\ExportLifecycleTest" classname="Tests.Feature.ImportExport.ExportLifecycleTest" assertions="2" time="0.065474"/>
        <testcase name="test_export_permissions_separate_from_import" file="D:\work\meem\tests\Feature\ImportExport\ExportLifecycleTest.php" line="227" class="Tests\Feature\ImportExport\ExportLifecycleTest" classname="Tests.Feature.ImportExport.ExportLifecycleTest" assertions="2" time="0.033827"/>
        <testcase name="test_export_query_uses_eager_loading_and_not_n_plus_one" file="D:\work\meem\tests\Feature\ImportExport\ExportLifecycleTest.php" line="239" class="Tests\Feature\ImportExport\ExportLifecycleTest" classname="Tests.Feature.ImportExport.ExportLifecycleTest" assertions="1" time="0.044318"/>
        <testcase name="test_export_headers_match_import_contract" file="D:\work\meem\tests\Feature\ImportExport\ExportLifecycleTest.php" line="258" class="Tests\Feature\ImportExport\ExportLifecycleTest" classname="Tests.Feature.ImportExport.ExportLifecycleTest" assertions="2" time="0.001566"/>
        <testcase name="test_soft_deleted_product_export_policy" file="D:\work\meem\tests\Feature\ImportExport\ExportLifecycleTest.php" line="266" class="Tests\Feature\ImportExport\ExportLifecycleTest" classname="Tests.Feature.ImportExport.ExportLifecycleTest" assertions="2" time="0.017556"/>
      </testsuite>
      <testsuite name="Tests\Feature\ImportExport\IdorAndSecurityTest" file="D:\work\meem\tests\Feature\ImportExport\IdorAndSecurityTest.php" tests="16" assertions="18" errors="0" failures="10" skipped="0" time="0.944461">
        <testcase name="test_user_b_cannot_view_user_a_product_import_same_type" file="D:\work\meem\tests\Feature\ImportExport\IdorAndSecurityTest.php" line="70" class="Tests\Feature\ImportExport\IdorAndSecurityTest" classname="Tests.Feature.ImportExport.IdorAndSecurityTest" assertions="2" time="0.065599">
          <failure type="PHPUnit\Framework\AssertionFailedError">Tests\Feature\ImportExport\IdorAndSecurityTest::test_user_b_cannot_view_user_a_product_import_same_type&#13;
Expected 404 but got 500: {"message":"App\\Policies\\ImportPolicy::view(): Argument #1 ($user) must be of type App\\Models\\User, Marvel\\Database\\Models\\User given, called in D:\\work\\meem\\vendor\\laravel\\framework\\src\\Illuminate\\Auth\\Access\\Gate.php on line 811","status":false}
&#13;
D:\work\meem\tests\Feature\ImportExport\IdorAndSecurityTest.php:84
D:\work\meem\vendor\laravel\framework\src\Illuminate\Foundation\Testing\TestCase.php:174</failure>
        </testcase>
        <testcase name="test_user_b_cannot_cancel_user_a_import" file="D:\work\meem\tests\Feature\ImportExport\IdorAndSecurityTest.php" line="88" class="Tests\Feature\ImportExport\IdorAndSecurityTest" classname="Tests.Feature.ImportExport.IdorAndSecurityTest" assertions="1" time="0.060938">
          <failure type="PHPUnit\Framework\ExpectationFailedException">Tests\Feature\ImportExport\IdorAndSecurityTest::test_user_b_cannot_cancel_user_a_import&#13;
Cross-tenant cancel must be 404. Got: {"message":"App\\Policies\\ImportPolicy::view(): Argument #1 ($user) must be of type App\\Models\\User, Marvel\\Database\\Models\\User given, called in D:\\work\\meem\\vendor\\laravel\\framework\\src\\Illuminate\\Auth\\Access\\Gate.php on line 811","status":false}
Failed asserting that 500 matches expected 404.&#13;
&#13;
The following exception occurred during the last request:

TypeError: App\Policies\ImportPolicy::view(): Argument #1 ($user) must be of type App\Models\User, Marvel\Database\Models\User given, called in D:\work\meem\vendor\laravel\framework\src\Illuminate\Auth\Access\Gate.php on line 811 and defined in D:\work\meem\app\Policies\ImportPolicy.php:14
Stack trace:
#0 D:\work\meem\vendor\laravel\framework\src\Illuminate\Auth\Access\Gate.php(811): App\Policies\ImportPolicy-&gt;view(Object(Marvel\Database\Models\User), Object(Marvel\Database\Models\Import))
#1 D:\work\meem\vendor\laravel\framework\src\Illuminate\Auth\Access\Gate.php(764): Illuminate\Auth\Access\Gate-&gt;callPolicyMethod(Object(App\Policies\ImportPolicy), 'view', Object(Marvel\Database\Models\User), Array)
#2 D:\work\meem\vendor\laravel\framework\src\Illuminate\Auth\Access\Gate.php(548): Illuminate\Auth\Access\Gate-&gt;Illuminate\Auth\Access\{closure}(Object(Marvel\Database\Models\User), Object(Marvel\Database\Models\Import))
#3 D:\work\meem\vendor\laravel\framework\src\Illuminate\Auth\Access\Gate.php(443): Illuminate\Auth\Access\Gate-&gt;callAuthCallback(Object(Marvel\Database\Models\User), 'view', Array)
#4 D:\work\meem\vendor\laravel\framework\src\Illuminate\Auth\Access\Gate.php(406): Illuminate\Auth\Access\Gate-&gt;raw('view', Array)
#5 D:\work\meem\vendor\laravel\framework\src\Illuminate\Auth\Access\Gate.php(393): Illuminate\Auth\Access\Gate-&gt;inspect('view', Object(Marvel\Database\Models\Import))
#6 D:\work\meem\vendor\laravel\framework\src\Illuminate\Foundation\Auth\Access\AuthorizesRequests.php(23): Illuminate\Auth\Access\Gate-&gt;authorize('view', Object(Marvel\Database\Models\Import))
#7 D:\work\meem\packages\marvel\src\Http\Controllers\ProductImportController.php(229): App\Http\Controllers\Controller-&gt;authorize('view', Object(Marvel\Database\Models\Import))
#8 D:\work\meem\vendor\laravel\framework\src\Illuminate\Routing\Controller.php(54): Marvel\Http\Controllers\ProductImportController-&gt;cancel(1)
#9 D:\work\meem\vendor\laravel\framework\src\Illuminate\Routing\ControllerDispatcher.php(43): Illuminate\Routing\Controller-&gt;callAction('cancel', Array)
#10 D:\work\meem\vendor\laravel\framework\src\Illuminate\Routing\Route.php(259): Illuminate\Routing\ControllerDispatcher-&gt;dispatch(Object(Illuminate\Routing\Route), Object(Marvel\Http\Controllers\ProductImportController), 'cancel')
#11 D:\work\meem\vendor\laravel\framework\src\Illuminate\Routing\Route.php(205): Illuminate\Routing\Route-&gt;runController()
#12 D:\work\meem\vendor\laravel\framework\src\Illuminate\Routing\Router.php(799): Illuminate\Routing\Route-&gt;run()
#13 D:\work\meem\vendor\laravel\framework\src\Illuminate\Pipeline\Pipeline.php(141): Illuminate\Routing\Router-&gt;Illuminate\Routing\{closure}(Object(Illuminate\Http\Request))
#14 D:\work\meem\vendor\spatie\laravel-permission\src\Middleware\PermissionMiddleware.php(39): Illuminate\Pipeline\Pipeline-&gt;Illuminate\Pipeline\{closure}(Object(Illuminate\Http\Request))
#15 D:\work\meem\vendor\laravel\framework\src\Illuminate\Pipeline\Pipeline.php(180): Spatie\Permission\Middleware\PermissionMiddleware-&gt;handle(Object(Illuminate\Http\Request), Object(Closure), 'create-product|...')
#16 D:\work\meem\app\Http\Middleware\CheckLangMiddleware.php(27): Illuminate\Pipeline\Pipeline-&gt;Illuminate\Pipeline\{closure}(Object(Illuminate\Http\Request))
#17 D:\work\meem\vendor\laravel\framework\src\Illuminate\Pipeline\Pipeline.php(180): App\Http\Middleware\CheckLangMiddleware-&gt;handle(Object(Illuminate\Http\Request), Object(Closure))
#18 D:\work\meem\app\Http\Middleware\ChannelMiddleware.php(25): Illuminate\Pipeline\Pipeline-&gt;Illuminate\Pipeline\{closure}(Object(Illuminate\Http\Request))
#19 D:\work\meem\vendor\laravel\framework\src\Illuminate\Pipeline\Pipeline.php(180): App\Http\Middleware\ChannelMiddleware-&gt;handle(Object(Illuminate\Http\Request), Object(Closure))
#20 D:\work\meem\vendor\laravel\framework\src\Illuminate\Routing\Middleware\SubstituteBindings.php(50): Illuminate\Pipeline\Pipeline-&gt;Illuminate\Pipeline\{closure}(Object(Illuminate\Http\Request))
#21 D:\work\meem\vendor\laravel\framework\src\Illuminate\Pipeline\Pipeline.php(180): Illuminate\Routing\Middleware\SubstituteBindings-&gt;handle(Object(Illuminate\Http\Request), Object(Closure))
#22 D:\work\meem\vendor\laravel\framework\src\Illuminate\Routing\Middleware\ThrottleRequests.php(159): Illuminate\Pipeline\Pipeline-&gt;Illuminate\Pipeline\{closure}(Object(Illuminate\Http\Request))
#23 D:\work\meem\vendor\laravel\framework\src\Illuminate\Routing\Middleware\ThrottleRequests.php(125): Illuminate\Routing\Middleware\ThrottleRequests-&gt;handleRequest(Object(Illuminate\Http\Request), Object(Closure), Array)
#24 D:\work\meem\vendor\laravel\framework\src\Illuminate\Routing\Middleware\ThrottleRequests.php(87): Illuminate\Routing\Middleware\ThrottleRequests-&gt;handleRequestUsingNamedLimiter(Object(Illuminate\Http\Request), Object(Closure), 'admin', Object(Closure))
#25 D:\work\meem\vendor\laravel\framework\src\Illuminate\Pipeline\Pipeline.php(180): Illuminate\Routing\Middleware\ThrottleRequests-&gt;handle(Object(Illuminate\Http\Request), Object(Closure), 'admin')
#26 D:\work\meem\vendor\laravel\framework\src\Illuminate\Routing\Middleware\ThrottleRequests.php(159): Illuminate\Pipeline\Pipeline-&gt;Illuminate\Pipeline\{closure}(Object(Illuminate\Http\Request))
#27 D:\work\meem\vendor\laravel\framework\src\Illuminate\Routing\Middleware\ThrottleRequests.php(125): Illuminate\Routing\Middleware\ThrottleRequests-&gt;handleRequest(Object(Illuminate\Http\Request), Object(Closure), Array)
#28 D:\work\meem\vendor\laravel\framework\src\Illuminate\Routing\Middleware\ThrottleRequests.php(87): Illuminate\Routing\Middleware\ThrottleRequests-&gt;handleRequestUsingNamedLimiter(Object(Illuminate\Http\Request), Object(Closure), 'api', Object(Closure))
#29 D:\work\meem\vendor\laravel\framework\src\Illuminate\Pipeline\Pipeline.php(180): Illuminate\Routing\Middleware\ThrottleRequests-&gt;handle(Object(Illuminate\Http\Request), Object(Closure), 'api')
#30 D:\work\meem\vendor\laravel\framework\src\Illuminate\Auth\Middleware\Authenticate.php(57): Illuminate\Pipeline\Pipeline-&gt;Illuminate\Pipeline\{closure}(Object(Illuminate\Http\Request))
#31 D:\work\meem\vendor\laravel\framework\src\Illuminate\Pipeline\Pipeline.php(180): Illuminate\Auth\Middleware\Authenticate-&gt;handle(Object(Illuminate\Http\Request), Object(Closure), 'sanctum')
#32 D:\work\meem\vendor\laravel\framework\src\Illuminate\Cookie\Middleware\AddQueuedCookiesToResponse.php(37): Illuminate\Pipeline\Pipeline-&gt;Illuminate\Pipeline\{closure}(Object(Illuminate\Http\Request))
#33 D:\work\meem\vendor\laravel\framework\src\Illuminate\Pipeline\Pipeline.php(180): Illuminate\Cookie\Middleware\AddQueuedCookiesToResponse-&gt;handle(Object(Illuminate\Http\Request), Object(Closure))
#34 D:\work\meem\vendor\laravel\framework\src\Illuminate\Cookie\Middleware\EncryptCookies.php(67): Illuminate\Pipeline\Pipeline-&gt;Illuminate\Pipeline\{closure}(Object(Illuminate\Http\Request))
#35 D:\work\meem\vendor\laravel\framework\src\Illuminate\Pipeline\Pipeline.php(180): Illuminate\Cookie\Middleware\EncryptCookies-&gt;handle(Object(Illuminate\Http\Request), Object(Closure))
#36 D:\work\meem\vendor\laravel\framework\src\Illuminate\Pipeline\Pipeline.php(116): Illuminate\Pipeline\Pipeline-&gt;Illuminate\Pipeline\{closure}(Object(Illuminate\Http\Request))
#37 D:\work\meem\vendor\laravel\framework\src\Illuminate\Routing\Router.php(798): Illuminate\Pipeline\Pipeline-&gt;then(Object(Closure))
#38 D:\work\meem\vendor\laravel\framework\src\Illuminate\Routing\Router.php(777): Illuminate\Routing\Router-&gt;runRouteWithinStack(Object(Illuminate\Routing\Route), Object(Illuminate\Http\Request))
#39 D:\work\meem\vendor\laravel\framework\src\Illuminate\Routing\Router.php(741): Illuminate\Routing\Router-&gt;runRoute(Object(Illuminate\Http\Request), Object(Illuminate\Routing\Route))
#40 D:\work\meem\vendor\laravel\framework\src\Illuminate\Routing\Router.php(730): Illuminate\Routing\Router-&gt;dispatchToRoute(Object(Illuminate\Http\Request))
#41 D:\work\meem\vendor\laravel\framework\src\Illuminate\Foundation\Http\Kernel.php(200): Illuminate\Routing\Router-&gt;dispatch(Object(Illuminate\Http\Request))
#42 D:\work\meem\vendor\laravel\framework\src\Illuminate\Pipeline\Pipeline.php(141): Illuminate\Foundation\Http\Kernel-&gt;Illuminate\Foundation\Http\{closure}(Object(Illuminate\Http\Request))
#43 D:\work\meem\vendor\laravel\framework\src\Illuminate\Http\Middleware\HandleCors.php(62): Illuminate\Pipeline\Pipeline-&gt;Illuminate\Pipeline\{closure}(Object(Illuminate\Http\Request))
#44 D:\work\meem\vendor\laravel\framework\src\Illuminate\Pipeline\Pipeline.php(180): Illuminate\Http\Middleware\HandleCors-&gt;handle(Object(Illuminate\Http\Request), Object(Closure))
#45 D:\work\meem\vendor\laravel\framework\src\Illuminate\Foundation\Http\Middleware\TransformsRequest.php(21): Illuminate\Pipeline\Pipeline-&gt;Illuminate\Pipeline\{closure}(Object(Illuminate\Http\Request))
#46 D:\work\meem\vendor\laravel\framework\src\Illuminate\Foundation\Http\Middleware\ConvertEmptyStringsToNull.php(31): Illuminate\Foundation\Http\Middleware\TransformsRequest-&gt;handle(Object(Illuminate\Http\Request), Object(Closure))
#47 D:\work\meem\vendor\laravel\framework\src\Illuminate\Pipeline\Pipeline.php(180): Illuminate\Foundation\Http\Middleware\ConvertEmptyStringsToNull-&gt;handle(Object(Illuminate\Http\Request), Object(Closure))
#48 D:\work\meem\vendor\laravel\framework\src\Illuminate\Foundation\Http\Middleware\TransformsRequest.php(21): Illuminate\Pipeline\Pipeline-&gt;Illuminate\Pipeline\{closure}(Object(Illuminate\Http\Request))
#49 D:\work\meem\vendor\laravel\framework\src\Illuminate\Foundation\Http\Middleware\TrimStrings.php(40): Illuminate\Foundation\Http\Middleware\TransformsRequest-&gt;handle(Object(Illuminate\Http\Request), Object(Closure))
#50 D:\work\meem\vendor\laravel\framework\src\Illuminate\Pipeline\Pipeline.php(180): Illuminate\Foundation\Http\Middleware\TrimStrings-&gt;handle(Object(Illuminate\Http\Request), Object(Closure))
#51 D:\work\meem\vendor\laravel\framework\src\Illuminate\Foundation\Http\Middleware\ValidatePostSize.php(27): Illuminate\Pipeline\Pipeline-&gt;Illuminate\Pipeline\{closure}(Object(Illuminate\Http\Request))
#52 D:\work\meem\vendor\laravel\framework\src\Illuminate\Pipeline\Pipeline.php(180): Illuminate\Foundation\Http\Middleware\ValidatePostSize-&gt;handle(Object(Illuminate\Http\Request), Object(Closure))
#53 D:\work\meem\vendor\laravel\framework\src\Illuminate\Foundation\Http\Middleware\PreventRequestsDuringMaintenance.php(99): Illuminate\Pipeline\Pipeline-&gt;Illuminate\Pipeline\{closure}(Object(Illuminate\Http\Request))
#54 D:\work\meem\vendor\laravel\framework\src\Illuminate\Pipeline\Pipeline.php(180): Illuminate\Foundation\Http\Middleware\PreventRequestsDuringMaintenance-&gt;handle(Object(Illuminate\Http\Request), Object(Closure))
#55 D:\work\meem\vendor\laravel\framework\src\Illuminate\Http\Middleware\TrustProxies.php(39): Illuminate\Pipeline\Pipeline-&gt;Illuminate\Pipeline\{closure}(Object(Illuminate\Http\Request))
#56 D:\work\meem\vendor\laravel\framework\src\Illuminate\Pipeline\Pipeline.php(180): Illuminate\Http\Middleware\TrustProxies-&gt;handle(Object(Illuminate\Http\Request), Object(Closure))
#57 D:\work\meem\vendor\laravel\framework\src\Illuminate\Pipeline\Pipeline.php(116): Illuminate\Pipeline\Pipeline-&gt;Illuminate\Pipeline\{closure}(Object(Illuminate\Http\Request))
#58 D:\work\meem\vendor\laravel\framework\src\Illuminate\Foundation\Http\Kernel.php(175): Illuminate\Pipeline\Pipeline-&gt;then(Object(Closure))
#59 D:\work\meem\vendor\laravel\framework\src\Illuminate\Foundation\Http\Kernel.php(144): Illuminate\Foundation\Http\Kernel-&gt;sendRequestThroughRouter(Object(Illuminate\Http\Request))
#60 D:\work\meem\vendor\laravel\framework\src\Illuminate\Foundation\Testing\Concerns\MakesHttpRequests.php(573): Illuminate\Foundation\Http\Kernel-&gt;handle(Object(Illuminate\Http\Request))
#61 D:\work\meem\vendor\laravel\framework\src\Illuminate\Foundation\Testing\Concerns\MakesHttpRequests.php(539): Illuminate\Foundation\Testing\TestCase-&gt;call('POST', '/api/v1/product...', Array, Array, Array, Array, '[]')
#62 D:\work\meem\vendor\laravel\framework\src\Illuminate\Foundation\Testing\Concerns\MakesHttpRequests.php(377): Illuminate\Foundation\Testing\TestCase-&gt;json('POST', '/api/v1/product...', Array, Array, 0)
#63 D:\work\meem\tests\Feature\ImportExport\IdorAndSecurityTest.php(95): Illuminate\Foundation\Testing\TestCase-&gt;postJson('/api/v1/product...')
#64 D:\work\meem\vendor\phpunit\phpunit\src\Framework\TestCase.php(1030): Tests\Feature\ImportExport\IdorAndSecurityTest-&gt;test_user_b_cannot_cancel_user_a_import()
#65 D:\work\meem\vendor\laravel\framework\src\Illuminate\Foundation\Testing\TestCase.php(174): PHPUnit\Framework\TestCase-&gt;runTest()
#66 D:\work\meem\vendor\phpunit\phpunit\src\Framework\TestCase.php(627): Illuminate\Foundation\Testing\TestCase-&gt;runTest()
#67 D:\work\meem\vendor\phpunit\phpunit\src\Framework\TestRunner.php(101): PHPUnit\Framework\TestCase-&gt;runBare()
#68 D:\work\meem\vendor\phpunit\phpunit\src\Framework\TestCase.php(456): PHPUnit\Framework\TestRunner-&gt;run(Object(Tests\Feature\ImportExport\IdorAndSecurityTest))
#69 D:\work\meem\vendor\phpunit\phpunit\src\Framework\TestSuite.php(352): PHPUnit\Framework\TestCase-&gt;run()
#70 D:\work\meem\vendor\phpunit\phpunit\src\Framework\TestSuite.php(352): PHPUnit\Framework\TestSuite-&gt;run()
#71 D:\work\meem\vendor\phpunit\phpunit\src\Framework\TestSuite.php(352): PHPUnit\Framework\TestSuite-&gt;run()
#72 D:\work\meem\vendor\phpunit\phpunit\src\TextUI\TestRunner.php(63): PHPUnit\Framework\TestSuite-&gt;run()
#73 D:\work\meem\vendor\phpunit\phpunit\src\TextUI\Application.php(141): PHPUnit\TextUI\TestRunner-&gt;run(Object(PHPUnit\TextUI\Configuration\Configuration), Object(PHPUnit\Runner\ResultCache\DefaultResultCache), Object(PHPUnit\Framework\TestSuite))
#74 D:\work\meem\vendor\phpunit\phpunit\phpunit(90): PHPUnit\TextUI\Application-&gt;run(Array)
#75 D:\work\meem\vendor\bin\phpunit(122): include('D:\\work\\meem\\ve...')
#76 {main}

----------------------------------------------------------------------------------

App\Policies\ImportPolicy::view(): Argument #1 ($user) must be of type App\Models\User, Marvel\Database\Models\User given, called in D:\work\meem\vendor\laravel\framework\src\Illuminate\Auth\Access\Gate.php on line 811
&#13;
D:\work\meem\tests\Feature\ImportExport\IdorAndSecurityTest.php:96
D:\work\meem\vendor\laravel\framework\src\Illuminate\Foundation\Testing\TestCase.php:174</failure>
        </testcase>
        <testcase name="test_user_b_cannot_download_errors_of_user_a" file="D:\work\meem\tests\Feature\ImportExport\IdorAndSecurityTest.php" line="102" class="Tests\Feature\ImportExport\IdorAndSecurityTest" classname="Tests.Feature.ImportExport.IdorAndSecurityTest" assertions="1" time="0.081262">
          <failure type="PHPUnit\Framework\ExpectationFailedException">Tests\Feature\ImportExport\IdorAndSecurityTest::test_user_b_cannot_download_errors_of_user_a&#13;
Error download must be 404 for non-owner. Got: {"message":"App\\Policies\\ImportPolicy::view(): Argument #1 ($user) must be of type App\\Models\\User, Marvel\\Database\\Models\\User given, called in D:\\work\\meem\\vendor\\laravel\\framework\\src\\Illuminate\\Auth\\Access\\Gate.php on line 811","status":false}
Failed asserting that 500 matches expected 404.&#13;
&#13;
The following exception occurred during the last request:

TypeError: App\Policies\ImportPolicy::view(): Argument #1 ($user) must be of type App\Models\User, Marvel\Database\Models\User given, called in D:\work\meem\vendor\laravel\framework\src\Illuminate\Auth\Access\Gate.php on line 811 and defined in D:\work\meem\app\Policies\ImportPolicy.php:14
Stack trace:
#0 D:\work\meem\vendor\laravel\framework\src\Illuminate\Auth\Access\Gate.php(811): App\Policies\ImportPolicy-&gt;view(Object(Marvel\Database\Models\User), Object(Marvel\Database\Models\Import))
#1 D:\work\meem\vendor\laravel\framework\src\Illuminate\Auth\Access\Gate.php(764): Illuminate\Auth\Access\Gate-&gt;callPolicyMethod(Object(App\Policies\ImportPolicy), 'view', Object(Marvel\Database\Models\User), Array)
#2 D:\work\meem\vendor\laravel\framework\src\Illuminate\Auth\Access\Gate.php(548): Illuminate\Auth\Access\Gate-&gt;Illuminate\Auth\Access\{closure}(Object(Marvel\Database\Models\User), Object(Marvel\Database\Models\Import))
#3 D:\work\meem\vendor\laravel\framework\src\Illuminate\Auth\Access\Gate.php(443): Illuminate\Auth\Access\Gate-&gt;callAuthCallback(Object(Marvel\Database\Models\User), 'view', Array)
#4 D:\work\meem\vendor\laravel\framework\src\Illuminate\Auth\Access\Gate.php(406): Illuminate\Auth\Access\Gate-&gt;raw('view', Array)
#5 D:\work\meem\vendor\laravel\framework\src\Illuminate\Auth\Access\Gate.php(393): Illuminate\Auth\Access\Gate-&gt;inspect('view', Object(Marvel\Database\Models\Import))
#6 D:\work\meem\vendor\laravel\framework\src\Illuminate\Foundation\Auth\Access\AuthorizesRequests.php(23): Illuminate\Auth\Access\Gate-&gt;authorize('view', Object(Marvel\Database\Models\Import))
#7 D:\work\meem\packages\marvel\src\Http\Controllers\ProductImportController.php(180): App\Http\Controllers\Controller-&gt;authorize('view', Object(Marvel\Database\Models\Import))
#8 D:\work\meem\vendor\laravel\framework\src\Illuminate\Routing\Controller.php(54): Marvel\Http\Controllers\ProductImportController-&gt;downloadErrors(1)
#9 D:\work\meem\vendor\laravel\framework\src\Illuminate\Routing\ControllerDispatcher.php(43): Illuminate\Routing\Controller-&gt;callAction('downloadErrors', Array)
#10 D:\work\meem\vendor\laravel\framework\src\Illuminate\Routing\Route.php(259): Illuminate\Routing\ControllerDispatcher-&gt;dispatch(Object(Illuminate\Routing\Route), Object(Marvel\Http\Controllers\ProductImportController), 'downloadErrors')
#11 D:\work\meem\vendor\laravel\framework\src\Illuminate\Routing\Route.php(205): Illuminate\Routing\Route-&gt;runController()
#12 D:\work\meem\vendor\laravel\framework\src\Illuminate\Routing\Router.php(799): Illuminate\Routing\Route-&gt;run()
#13 D:\work\meem\vendor\laravel\framework\src\Illuminate\Pipeline\Pipeline.php(141): Illuminate\Routing\Router-&gt;Illuminate\Routing\{closure}(Object(Illuminate\Http\Request))
#14 D:\work\meem\vendor\spatie\laravel-permission\src\Middleware\PermissionMiddleware.php(39): Illuminate\Pipeline\Pipeline-&gt;Illuminate\Pipeline\{closure}(Object(Illuminate\Http\Request))
#15 D:\work\meem\vendor\laravel\framework\src\Illuminate\Pipeline\Pipeline.php(180): Spatie\Permission\Middleware\PermissionMiddleware-&gt;handle(Object(Illuminate\Http\Request), Object(Closure), 'create-product|...')
#16 D:\work\meem\app\Http\Middleware\CheckLangMiddleware.php(27): Illuminate\Pipeline\Pipeline-&gt;Illuminate\Pipeline\{closure}(Object(Illuminate\Http\Request))
#17 D:\work\meem\vendor\laravel\framework\src\Illuminate\Pipeline\Pipeline.php(180): App\Http\Middleware\CheckLangMiddleware-&gt;handle(Object(Illuminate\Http\Request), Object(Closure))
#18 D:\work\meem\app\Http\Middleware\ChannelMiddleware.php(25): Illuminate\Pipeline\Pipeline-&gt;Illuminate\Pipeline\{closure}(Object(Illuminate\Http\Request))
#19 D:\work\meem\vendor\laravel\framework\src\Illuminate\Pipeline\Pipeline.php(180): App\Http\Middleware\ChannelMiddleware-&gt;handle(Object(Illuminate\Http\Request), Object(Closure))
#20 D:\work\meem\vendor\laravel\framework\src\Illuminate\Routing\Middleware\SubstituteBindings.php(50): Illuminate\Pipeline\Pipeline-&gt;Illuminate\Pipeline\{closure}(Object(Illuminate\Http\Request))
#21 D:\work\meem\vendor\laravel\framework\src\Illuminate\Pipeline\Pipeline.php(180): Illuminate\Routing\Middleware\SubstituteBindings-&gt;handle(Object(Illuminate\Http\Request), Object(Closure))
#22 D:\work\meem\vendor\laravel\framework\src\Illuminate\Routing\Middleware\ThrottleRequests.php(159): Illuminate\Pipeline\Pipeline-&gt;Illuminate\Pipeline\{closure}(Object(Illuminate\Http\Request))
#23 D:\work\meem\vendor\laravel\framework\src\Illuminate\Routing\Middleware\ThrottleRequests.php(125): Illuminate\Routing\Middleware\ThrottleRequests-&gt;handleRequest(Object(Illuminate\Http\Request), Object(Closure), Array)
#24 D:\work\meem\vendor\laravel\framework\src\Illuminate\Routing\Middleware\ThrottleRequests.php(87): Illuminate\Routing\Middleware\ThrottleRequests-&gt;handleRequestUsingNamedLimiter(Object(Illuminate\Http\Request), Object(Closure), 'admin', Object(Closure))
#25 D:\work\meem\vendor\laravel\framework\src\Illuminate\Pipeline\Pipeline.php(180): Illuminate\Routing\Middleware\ThrottleRequests-&gt;handle(Object(Illuminate\Http\Request), Object(Closure), 'admin')
#26 D:\work\meem\vendor\laravel\framework\src\Illuminate\Routing\Middleware\ThrottleRequests.php(159): Illuminate\Pipeline\Pipeline-&gt;Illuminate\Pipeline\{closure}(Object(Illuminate\Http\Request))
#27 D:\work\meem\vendor\laravel\framework\src\Illuminate\Routing\Middleware\ThrottleRequests.php(125): Illuminate\Routing\Middleware\ThrottleRequests-&gt;handleRequest(Object(Illuminate\Http\Request), Object(Closure), Array)
#28 D:\work\meem\vendor\laravel\framework\src\Illuminate\Routing\Middleware\ThrottleRequests.php(87): Illuminate\Routing\Middleware\ThrottleRequests-&gt;handleRequestUsingNamedLimiter(Object(Illuminate\Http\Request), Object(Closure), 'api', Object(Closure))
#29 D:\work\meem\vendor\laravel\framework\src\Illuminate\Pipeline\Pipeline.php(180): Illuminate\Routing\Middleware\ThrottleRequests-&gt;handle(Object(Illuminate\Http\Request), Object(Closure), 'api')
#30 D:\work\meem\vendor\laravel\framework\src\Illuminate\Auth\Middleware\Authenticate.php(57): Illuminate\Pipeline\Pipeline-&gt;Illuminate\Pipeline\{closure}(Object(Illuminate\Http\Request))
#31 D:\work\meem\vendor\laravel\framework\src\Illuminate\Pipeline\Pipeline.php(180): Illuminate\Auth\Middleware\Authenticate-&gt;handle(Object(Illuminate\Http\Request), Object(Closure), 'sanctum')
#32 D:\work\meem\vendor\laravel\framework\src\Illuminate\Cookie\Middleware\AddQueuedCookiesToResponse.php(37): Illuminate\Pipeline\Pipeline-&gt;Illuminate\Pipeline\{closure}(Object(Illuminate\Http\Request))
#33 D:\work\meem\vendor\laravel\framework\src\Illuminate\Pipeline\Pipeline.php(180): Illuminate\Cookie\Middleware\AddQueuedCookiesToResponse-&gt;handle(Object(Illuminate\Http\Request), Object(Closure))
#34 D:\work\meem\vendor\laravel\framework\src\Illuminate\Cookie\Middleware\EncryptCookies.php(67): Illuminate\Pipeline\Pipeline-&gt;Illuminate\Pipeline\{closure}(Object(Illuminate\Http\Request))
#35 D:\work\meem\vendor\laravel\framework\src\Illuminate\Pipeline\Pipeline.php(180): Illuminate\Cookie\Middleware\EncryptCookies-&gt;handle(Object(Illuminate\Http\Request), Object(Closure))
#36 D:\work\meem\vendor\laravel\framework\src\Illuminate\Pipeline\Pipeline.php(116): Illuminate\Pipeline\Pipeline-&gt;Illuminate\Pipeline\{closure}(Object(Illuminate\Http\Request))
#37 D:\work\meem\vendor\laravel\framework\src\Illuminate\Routing\Router.php(798): Illuminate\Pipeline\Pipeline-&gt;then(Object(Closure))
#38 D:\work\meem\vendor\laravel\framework\src\Illuminate\Routing\Router.php(777): Illuminate\Routing\Router-&gt;runRouteWithinStack(Object(Illuminate\Routing\Route), Object(Illuminate\Http\Request))
#39 D:\work\meem\vendor\laravel\framework\src\Illuminate\Routing\Router.php(741): Illuminate\Routing\Router-&gt;runRoute(Object(Illuminate\Http\Request), Object(Illuminate\Routing\Route))
#40 D:\work\meem\vendor\laravel\framework\src\Illuminate\Routing\Router.php(730): Illuminate\Routing\Router-&gt;dispatchToRoute(Object(Illuminate\Http\Request))
#41 D:\work\meem\vendor\laravel\framework\src\Illuminate\Foundation\Http\Kernel.php(200): Illuminate\Routing\Router-&gt;dispatch(Object(Illuminate\Http\Request))
#42 D:\work\meem\vendor\laravel\framework\src\Illuminate\Pipeline\Pipeline.php(141): Illuminate\Foundation\Http\Kernel-&gt;Illuminate\Foundation\Http\{closure}(Object(Illuminate\Http\Request))
#43 D:\work\meem\vendor\laravel\framework\src\Illuminate\Http\Middleware\HandleCors.php(62): Illuminate\Pipeline\Pipeline-&gt;Illuminate\Pipeline\{closure}(Object(Illuminate\Http\Request))
#44 D:\work\meem\vendor\laravel\framework\src\Illuminate\Pipeline\Pipeline.php(180): Illuminate\Http\Middleware\HandleCors-&gt;handle(Object(Illuminate\Http\Request), Object(Closure))
#45 D:\work\meem\vendor\laravel\framework\src\Illuminate\Foundation\Http\Middleware\TransformsRequest.php(21): Illuminate\Pipeline\Pipeline-&gt;Illuminate\Pipeline\{closure}(Object(Illuminate\Http\Request))
#46 D:\work\meem\vendor\laravel\framework\src\Illuminate\Foundation\Http\Middleware\ConvertEmptyStringsToNull.php(31): Illuminate\Foundation\Http\Middleware\TransformsRequest-&gt;handle(Object(Illuminate\Http\Request), Object(Closure))
#47 D:\work\meem\vendor\laravel\framework\src\Illuminate\Pipeline\Pipeline.php(180): Illuminate\Foundation\Http\Middleware\ConvertEmptyStringsToNull-&gt;handle(Object(Illuminate\Http\Request), Object(Closure))
#48 D:\work\meem\vendor\laravel\framework\src\Illuminate\Foundation\Http\Middleware\TransformsRequest.php(21): Illuminate\Pipeline\Pipeline-&gt;Illuminate\Pipeline\{closure}(Object(Illuminate\Http\Request))
#49 D:\work\meem\vendor\laravel\framework\src\Illuminate\Foundation\Http\Middleware\TrimStrings.php(40): Illuminate\Foundation\Http\Middleware\TransformsRequest-&gt;handle(Object(Illuminate\Http\Request), Object(Closure))
#50 D:\work\meem\vendor\laravel\framework\src\Illuminate\Pipeline\Pipeline.php(180): Illuminate\Foundation\Http\Middleware\TrimStrings-&gt;handle(Object(Illuminate\Http\Request), Object(Closure))
#51 D:\work\meem\vendor\laravel\framework\src\Illuminate\Foundation\Http\Middleware\ValidatePostSize.php(27): Illuminate\Pipeline\Pipeline-&gt;Illuminate\Pipeline\{closure}(Object(Illuminate\Http\Request))
#52 D:\work\meem\vendor\laravel\framework\src\Illuminate\Pipeline\Pipeline.php(180): Illuminate\Foundation\Http\Middleware\ValidatePostSize-&gt;handle(Object(Illuminate\Http\Request), Object(Closure))
#53 D:\work\meem\vendor\laravel\framework\src\Illuminate\Foundation\Http\Middleware\PreventRequestsDuringMaintenance.php(99): Illuminate\Pipeline\Pipeline-&gt;Illuminate\Pipeline\{closure}(Object(Illuminate\Http\Request))
#54 D:\work\meem\vendor\laravel\framework\src\Illuminate\Pipeline\Pipeline.php(180): Illuminate\Foundation\Http\Middleware\PreventRequestsDuringMaintenance-&gt;handle(Object(Illuminate\Http\Request), Object(Closure))
#55 D:\work\meem\vendor\laravel\framework\src\Illuminate\Http\Middleware\TrustProxies.php(39): Illuminate\Pipeline\Pipeline-&gt;Illuminate\Pipeline\{closure}(Object(Illuminate\Http\Request))
#56 D:\work\meem\vendor\laravel\framework\src\Illuminate\Pipeline\Pipeline.php(180): Illuminate\Http\Middleware\TrustProxies-&gt;handle(Object(Illuminate\Http\Request), Object(Closure))
#57 D:\work\meem\vendor\laravel\framework\src\Illuminate\Pipeline\Pipeline.php(116): Illuminate\Pipeline\Pipeline-&gt;Illuminate\Pipeline\{closure}(Object(Illuminate\Http\Request))
#58 D:\work\meem\vendor\laravel\framework\src\Illuminate\Foundation\Http\Kernel.php(175): Illuminate\Pipeline\Pipeline-&gt;then(Object(Closure))
#59 D:\work\meem\vendor\laravel\framework\src\Illuminate\Foundation\Http\Kernel.php(144): Illuminate\Foundation\Http\Kernel-&gt;sendRequestThroughRouter(Object(Illuminate\Http\Request))
#60 D:\work\meem\vendor\laravel\framework\src\Illuminate\Foundation\Testing\Concerns\MakesHttpRequests.php(573): Illuminate\Foundation\Http\Kernel-&gt;handle(Object(Illuminate\Http\Request))
#61 D:\work\meem\vendor\laravel\framework\src\Illuminate\Foundation\Testing\Concerns\MakesHttpRequests.php(539): Illuminate\Foundation\Testing\TestCase-&gt;call('GET', '/api/v1/product...', Array, Array, Array, Array, '[]')
#62 D:\work\meem\vendor\laravel\framework\src\Illuminate\Foundation\Testing\Concerns\MakesHttpRequests.php(347): Illuminate\Foundation\Testing\TestCase-&gt;json('GET', '/api/v1/product...', Array, Array, 0)
#63 D:\work\meem\tests\Feature\ImportExport\IdorAndSecurityTest.php(109): Illuminate\Foundation\Testing\TestCase-&gt;getJson('/api/v1/product...')
#64 D:\work\meem\vendor\phpunit\phpunit\src\Framework\TestCase.php(1030): Tests\Feature\ImportExport\IdorAndSecurityTest-&gt;test_user_b_cannot_download_errors_of_user_a()
#65 D:\work\meem\vendor\laravel\framework\src\Illuminate\Foundation\Testing\TestCase.php(174): PHPUnit\Framework\TestCase-&gt;runTest()
#66 D:\work\meem\vendor\phpunit\phpunit\src\Framework\TestCase.php(627): Illuminate\Foundation\Testing\TestCase-&gt;runTest()
#67 D:\work\meem\vendor\phpunit\phpunit\src\Framework\TestRunner.php(101): PHPUnit\Framework\TestCase-&gt;runBare()
#68 D:\work\meem\vendor\phpunit\phpunit\src\Framework\TestCase.php(456): PHPUnit\Framework\TestRunner-&gt;run(Object(Tests\Feature\ImportExport\IdorAndSecurityTest))
#69 D:\work\meem\vendor\phpunit\phpunit\src\Framework\TestSuite.php(352): PHPUnit\Framework\TestCase-&gt;run()
#70 D:\work\meem\vendor\phpunit\phpunit\src\Framework\TestSuite.php(352): PHPUnit\Framework\TestSuite-&gt;run()
#71 D:\work\meem\vendor\phpunit\phpunit\src\Framework\TestSuite.php(352): PHPUnit\Framework\TestSuite-&gt;run()
#72 D:\work\meem\vendor\phpunit\phpunit\src\TextUI\TestRunner.php(63): PHPUnit\Framework\TestSuite-&gt;run()
#73 D:\work\meem\vendor\phpunit\phpunit\src\TextUI\Application.php(141): PHPUnit\TextUI\TestRunner-&gt;run(Object(PHPUnit\TextUI\Configuration\Configuration), Object(PHPUnit\Runner\ResultCache\DefaultResultCache), Object(PHPUnit\Framework\TestSuite))
#74 D:\work\meem\vendor\phpunit\phpunit\phpunit(90): PHPUnit\TextUI\Application-&gt;run(Array)
#75 D:\work\meem\vendor\bin\phpunit(122): include('D:\\work\\meem\\ve...')
#76 {main}

----------------------------------------------------------------------------------

App\Policies\ImportPolicy::view(): Argument #1 ($user) must be of type App\Models\User, Marvel\Database\Models\User given, called in D:\work\meem\vendor\laravel\framework\src\Illuminate\Auth\Access\Gate.php on line 811
&#13;
D:\work\meem\tests\Feature\ImportExport\IdorAndSecurityTest.php:110
D:\work\meem\vendor\laravel\framework\src\Illuminate\Foundation\Testing\TestCase.php:174</failure>
        </testcase>
        <testcase name="test_user_b_cannot_view_user_a_category_import" file="D:\work\meem\tests\Feature\ImportExport\IdorAndSecurityTest.php" line="114" class="Tests\Feature\ImportExport\IdorAndSecurityTest" classname="Tests.Feature.ImportExport.IdorAndSecurityTest" assertions="1" time="0.128818">
          <failure type="PHPUnit\Framework\ExpectationFailedException">Tests\Feature\ImportExport\IdorAndSecurityTest::test_user_b_cannot_view_user_a_category_import&#13;
Category IDOR must be 404. Got: {"message":"App\\Policies\\ImportPolicy::view(): Argument #1 ($user) must be of type App\\Models\\User, Marvel\\Database\\Models\\User given, called in D:\\work\\meem\\vendor\\laravel\\framework\\src\\Illuminate\\Auth\\Access\\Gate.php on line 811","status":false}
Failed asserting that 500 matches expected 404.&#13;
&#13;
The following exception occurred during the last request:

TypeError: App\Policies\ImportPolicy::view(): Argument #1 ($user) must be of type App\Models\User, Marvel\Database\Models\User given, called in D:\work\meem\vendor\laravel\framework\src\Illuminate\Auth\Access\Gate.php on line 811 and defined in D:\work\meem\app\Policies\ImportPolicy.php:14
Stack trace:
#0 D:\work\meem\vendor\laravel\framework\src\Illuminate\Auth\Access\Gate.php(811): App\Policies\ImportPolicy-&gt;view(Object(Marvel\Database\Models\User), Object(Marvel\Database\Models\Import))
#1 D:\work\meem\vendor\laravel\framework\src\Illuminate\Auth\Access\Gate.php(764): Illuminate\Auth\Access\Gate-&gt;callPolicyMethod(Object(App\Policies\ImportPolicy), 'view', Object(Marvel\Database\Models\User), Array)
#2 D:\work\meem\vendor\laravel\framework\src\Illuminate\Auth\Access\Gate.php(548): Illuminate\Auth\Access\Gate-&gt;Illuminate\Auth\Access\{closure}(Object(Marvel\Database\Models\User), Object(Marvel\Database\Models\Import))
#3 D:\work\meem\vendor\laravel\framework\src\Illuminate\Auth\Access\Gate.php(443): Illuminate\Auth\Access\Gate-&gt;callAuthCallback(Object(Marvel\Database\Models\User), 'view', Array)
#4 D:\work\meem\vendor\laravel\framework\src\Illuminate\Auth\Access\Gate.php(406): Illuminate\Auth\Access\Gate-&gt;raw('view', Array)
#5 D:\work\meem\vendor\laravel\framework\src\Illuminate\Auth\Access\Gate.php(393): Illuminate\Auth\Access\Gate-&gt;inspect('view', Object(Marvel\Database\Models\Import))
#6 D:\work\meem\vendor\laravel\framework\src\Illuminate\Foundation\Auth\Access\AuthorizesRequests.php(23): Illuminate\Auth\Access\Gate-&gt;authorize('view', Object(Marvel\Database\Models\Import))
#7 D:\work\meem\packages\marvel\src\Http\Controllers\CategoryImportController.php(152): App\Http\Controllers\Controller-&gt;authorize('view', Object(Marvel\Database\Models\Import))
#8 D:\work\meem\vendor\laravel\framework\src\Illuminate\Routing\Controller.php(54): Marvel\Http\Controllers\CategoryImportController-&gt;status(1)
#9 D:\work\meem\vendor\laravel\framework\src\Illuminate\Routing\ControllerDispatcher.php(43): Illuminate\Routing\Controller-&gt;callAction('status', Array)
#10 D:\work\meem\vendor\laravel\framework\src\Illuminate\Routing\Route.php(259): Illuminate\Routing\ControllerDispatcher-&gt;dispatch(Object(Illuminate\Routing\Route), Object(Marvel\Http\Controllers\CategoryImportController), 'status')
#11 D:\work\meem\vendor\laravel\framework\src\Illuminate\Routing\Route.php(205): Illuminate\Routing\Route-&gt;runController()
#12 D:\work\meem\vendor\laravel\framework\src\Illuminate\Routing\Router.php(799): Illuminate\Routing\Route-&gt;run()
#13 D:\work\meem\vendor\laravel\framework\src\Illuminate\Pipeline\Pipeline.php(141): Illuminate\Routing\Router-&gt;Illuminate\Routing\{closure}(Object(Illuminate\Http\Request))
#14 D:\work\meem\vendor\spatie\laravel-permission\src\Middleware\PermissionMiddleware.php(39): Illuminate\Pipeline\Pipeline-&gt;Illuminate\Pipeline\{closure}(Object(Illuminate\Http\Request))
#15 D:\work\meem\vendor\laravel\framework\src\Illuminate\Pipeline\Pipeline.php(180): Spatie\Permission\Middleware\PermissionMiddleware-&gt;handle(Object(Illuminate\Http\Request), Object(Closure), 'import-category...')
#16 D:\work\meem\app\Http\Middleware\CheckLangMiddleware.php(27): Illuminate\Pipeline\Pipeline-&gt;Illuminate\Pipeline\{closure}(Object(Illuminate\Http\Request))
#17 D:\work\meem\vendor\laravel\framework\src\Illuminate\Pipeline\Pipeline.php(180): App\Http\Middleware\CheckLangMiddleware-&gt;handle(Object(Illuminate\Http\Request), Object(Closure))
#18 D:\work\meem\app\Http\Middleware\ChannelMiddleware.php(25): Illuminate\Pipeline\Pipeline-&gt;Illuminate\Pipeline\{closure}(Object(Illuminate\Http\Request))
#19 D:\work\meem\vendor\laravel\framework\src\Illuminate\Pipeline\Pipeline.php(180): App\Http\Middleware\ChannelMiddleware-&gt;handle(Object(Illuminate\Http\Request), Object(Closure))
#20 D:\work\meem\vendor\laravel\framework\src\Illuminate\Routing\Middleware\SubstituteBindings.php(50): Illuminate\Pipeline\Pipeline-&gt;Illuminate\Pipeline\{closure}(Object(Illuminate\Http\Request))
#21 D:\work\meem\vendor\laravel\framework\src\Illuminate\Pipeline\Pipeline.php(180): Illuminate\Routing\Middleware\SubstituteBindings-&gt;handle(Object(Illuminate\Http\Request), Object(Closure))
#22 D:\work\meem\vendor\laravel\framework\src\Illuminate\Routing\Middleware\ThrottleRequests.php(159): Illuminate\Pipeline\Pipeline-&gt;Illuminate\Pipeline\{closure}(Object(Illuminate\Http\Request))
#23 D:\work\meem\vendor\laravel\framework\src\Illuminate\Routing\Middleware\ThrottleRequests.php(125): Illuminate\Routing\Middleware\ThrottleRequests-&gt;handleRequest(Object(Illuminate\Http\Request), Object(Closure), Array)
#24 D:\work\meem\vendor\laravel\framework\src\Illuminate\Routing\Middleware\ThrottleRequests.php(87): Illuminate\Routing\Middleware\ThrottleRequests-&gt;handleRequestUsingNamedLimiter(Object(Illuminate\Http\Request), Object(Closure), 'admin', Object(Closure))
#25 D:\work\meem\vendor\laravel\framework\src\Illuminate\Pipeline\Pipeline.php(180): Illuminate\Routing\Middleware\ThrottleRequests-&gt;handle(Object(Illuminate\Http\Request), Object(Closure), 'admin')
#26 D:\work\meem\vendor\laravel\framework\src\Illuminate\Routing\Middleware\ThrottleRequests.php(159): Illuminate\Pipeline\Pipeline-&gt;Illuminate\Pipeline\{closure}(Object(Illuminate\Http\Request))
#27 D:\work\meem\vendor\laravel\framework\src\Illuminate\Routing\Middleware\ThrottleRequests.php(125): Illuminate\Routing\Middleware\ThrottleRequests-&gt;handleRequest(Object(Illuminate\Http\Request), Object(Closure), Array)
#28 D:\work\meem\vendor\laravel\framework\src\Illuminate\Routing\Middleware\ThrottleRequests.php(87): Illuminate\Routing\Middleware\ThrottleRequests-&gt;handleRequestUsingNamedLimiter(Object(Illuminate\Http\Request), Object(Closure), 'api', Object(Closure))
#29 D:\work\meem\vendor\laravel\framework\src\Illuminate\Pipeline\Pipeline.php(180): Illuminate\Routing\Middleware\ThrottleRequests-&gt;handle(Object(Illuminate\Http\Request), Object(Closure), 'api')
#30 D:\work\meem\vendor\laravel\framework\src\Illuminate\Auth\Middleware\Authenticate.php(57): Illuminate\Pipeline\Pipeline-&gt;Illuminate\Pipeline\{closure}(Object(Illuminate\Http\Request))
#31 D:\work\meem\vendor\laravel\framework\src\Illuminate\Pipeline\Pipeline.php(180): Illuminate\Auth\Middleware\Authenticate-&gt;handle(Object(Illuminate\Http\Request), Object(Closure), 'sanctum')
#32 D:\work\meem\vendor\laravel\framework\src\Illuminate\Cookie\Middleware\AddQueuedCookiesToResponse.php(37): Illuminate\Pipeline\Pipeline-&gt;Illuminate\Pipeline\{closure}(Object(Illuminate\Http\Request))
#33 D:\work\meem\vendor\laravel\framework\src\Illuminate\Pipeline\Pipeline.php(180): Illuminate\Cookie\Middleware\AddQueuedCookiesToResponse-&gt;handle(Object(Illuminate\Http\Request), Object(Closure))
#34 D:\work\meem\vendor\laravel\framework\src\Illuminate\Cookie\Middleware\EncryptCookies.php(67): Illuminate\Pipeline\Pipeline-&gt;Illuminate\Pipeline\{closure}(Object(Illuminate\Http\Request))
#35 D:\work\meem\vendor\laravel\framework\src\Illuminate\Pipeline\Pipeline.php(180): Illuminate\Cookie\Middleware\EncryptCookies-&gt;handle(Object(Illuminate\Http\Request), Object(Closure))
#36 D:\work\meem\vendor\laravel\framework\src\Illuminate\Pipeline\Pipeline.php(116): Illuminate\Pipeline\Pipeline-&gt;Illuminate\Pipeline\{closure}(Object(Illuminate\Http\Request))
#37 D:\work\meem\vendor\laravel\framework\src\Illuminate\Routing\Router.php(798): Illuminate\Pipeline\Pipeline-&gt;then(Object(Closure))
#38 D:\work\meem\vendor\laravel\framework\src\Illuminate\Routing\Router.php(777): Illuminate\Routing\Router-&gt;runRouteWithinStack(Object(Illuminate\Routing\Route), Object(Illuminate\Http\Request))
#39 D:\work\meem\vendor\laravel\framework\src\Illuminate\Routing\Router.php(741): Illuminate\Routing\Router-&gt;runRoute(Object(Illuminate\Http\Request), Object(Illuminate\Routing\Route))
#40 D:\work\meem\vendor\laravel\framework\src\Illuminate\Routing\Router.php(730): Illuminate\Routing\Router-&gt;dispatchToRoute(Object(Illuminate\Http\Request))
#41 D:\work\meem\vendor\laravel\framework\src\Illuminate\Foundation\Http\Kernel.php(200): Illuminate\Routing\Router-&gt;dispatch(Object(Illuminate\Http\Request))
#42 D:\work\meem\vendor\laravel\framework\src\Illuminate\Pipeline\Pipeline.php(141): Illuminate\Foundation\Http\Kernel-&gt;Illuminate\Foundation\Http\{closure}(Object(Illuminate\Http\Request))
#43 D:\work\meem\vendor\laravel\framework\src\Illuminate\Http\Middleware\HandleCors.php(62): Illuminate\Pipeline\Pipeline-&gt;Illuminate\Pipeline\{closure}(Object(Illuminate\Http\Request))
#44 D:\work\meem\vendor\laravel\framework\src\Illuminate\Pipeline\Pipeline.php(180): Illuminate\Http\Middleware\HandleCors-&gt;handle(Object(Illuminate\Http\Request), Object(Closure))
#45 D:\work\meem\vendor\laravel\framework\src\Illuminate\Foundation\Http\Middleware\TransformsRequest.php(21): Illuminate\Pipeline\Pipeline-&gt;Illuminate\Pipeline\{closure}(Object(Illuminate\Http\Request))
#46 D:\work\meem\vendor\laravel\framework\src\Illuminate\Foundation\Http\Middleware\ConvertEmptyStringsToNull.php(31): Illuminate\Foundation\Http\Middleware\TransformsRequest-&gt;handle(Object(Illuminate\Http\Request), Object(Closure))
#47 D:\work\meem\vendor\laravel\framework\src\Illuminate\Pipeline\Pipeline.php(180): Illuminate\Foundation\Http\Middleware\ConvertEmptyStringsToNull-&gt;handle(Object(Illuminate\Http\Request), Object(Closure))
#48 D:\work\meem\vendor\laravel\framework\src\Illuminate\Foundation\Http\Middleware\TransformsRequest.php(21): Illuminate\Pipeline\Pipeline-&gt;Illuminate\Pipeline\{closure}(Object(Illuminate\Http\Request))
#49 D:\work\meem\vendor\laravel\framework\src\Illuminate\Foundation\Http\Middleware\TrimStrings.php(40): Illuminate\Foundation\Http\Middleware\TransformsRequest-&gt;handle(Object(Illuminate\Http\Request), Object(Closure))
#50 D:\work\meem\vendor\laravel\framework\src\Illuminate\Pipeline\Pipeline.php(180): Illuminate\Foundation\Http\Middleware\TrimStrings-&gt;handle(Object(Illuminate\Http\Request), Object(Closure))
#51 D:\work\meem\vendor\laravel\framework\src\Illuminate\Foundation\Http\Middleware\ValidatePostSize.php(27): Illuminate\Pipeline\Pipeline-&gt;Illuminate\Pipeline\{closure}(Object(Illuminate\Http\Request))
#52 D:\work\meem\vendor\laravel\framework\src\Illuminate\Pipeline\Pipeline.php(180): Illuminate\Foundation\Http\Middleware\ValidatePostSize-&gt;handle(Object(Illuminate\Http\Request), Object(Closure))
#53 D:\work\meem\vendor\laravel\framework\src\Illuminate\Foundation\Http\Middleware\PreventRequestsDuringMaintenance.php(99): Illuminate\Pipeline\Pipeline-&gt;Illuminate\Pipeline\{closure}(Object(Illuminate\Http\Request))
#54 D:\work\meem\vendor\laravel\framework\src\Illuminate\Pipeline\Pipeline.php(180): Illuminate\Foundation\Http\Middleware\PreventRequestsDuringMaintenance-&gt;handle(Object(Illuminate\Http\Request), Object(Closure))
#55 D:\work\meem\vendor\laravel\framework\src\Illuminate\Http\Middleware\TrustProxies.php(39): Illuminate\Pipeline\Pipeline-&gt;Illuminate\Pipeline\{closure}(Object(Illuminate\Http\Request))
#56 D:\work\meem\vendor\laravel\framework\src\Illuminate\Pipeline\Pipeline.php(180): Illuminate\Http\Middleware\TrustProxies-&gt;handle(Object(Illuminate\Http\Request), Object(Closure))
#57 D:\work\meem\vendor\laravel\framework\src\Illuminate\Pipeline\Pipeline.php(116): Illuminate\Pipeline\Pipeline-&gt;Illuminate\Pipeline\{closure}(Object(Illuminate\Http\Request))
#58 D:\work\meem\vendor\laravel\framework\src\Illuminate\Foundation\Http\Kernel.php(175): Illuminate\Pipeline\Pipeline-&gt;then(Object(Closure))
#59 D:\work\meem\vendor\laravel\framework\src\Illuminate\Foundation\Http\Kernel.php(144): Illuminate\Foundation\Http\Kernel-&gt;sendRequestThroughRouter(Object(Illuminate\Http\Request))
#60 D:\work\meem\vendor\laravel\framework\src\Illuminate\Foundation\Testing\Concerns\MakesHttpRequests.php(573): Illuminate\Foundation\Http\Kernel-&gt;handle(Object(Illuminate\Http\Request))
#61 D:\work\meem\vendor\laravel\framework\src\Illuminate\Foundation\Testing\Concerns\MakesHttpRequests.php(539): Illuminate\Foundation\Testing\TestCase-&gt;call('GET', '/api/v1/categor...', Array, Array, Array, Array, '[]')
#62 D:\work\meem\vendor\laravel\framework\src\Illuminate\Foundation\Testing\Concerns\MakesHttpRequests.php(347): Illuminate\Foundation\Testing\TestCase-&gt;json('GET', '/api/v1/categor...', Array, Array, 0)
#63 D:\work\meem\tests\Feature\ImportExport\IdorAndSecurityTest.php(121): Illuminate\Foundation\Testing\TestCase-&gt;getJson('/api/v1/categor...')
#64 D:\work\meem\vendor\phpunit\phpunit\src\Framework\TestCase.php(1030): Tests\Feature\ImportExport\IdorAndSecurityTest-&gt;test_user_b_cannot_view_user_a_category_import()
#65 D:\work\meem\vendor\laravel\framework\src\Illuminate\Foundation\Testing\TestCase.php(174): PHPUnit\Framework\TestCase-&gt;runTest()
#66 D:\work\meem\vendor\phpunit\phpunit\src\Framework\TestCase.php(627): Illuminate\Foundation\Testing\TestCase-&gt;runTest()
#67 D:\work\meem\vendor\phpunit\phpunit\src\Framework\TestRunner.php(101): PHPUnit\Framework\TestCase-&gt;runBare()
#68 D:\work\meem\vendor\phpunit\phpunit\src\Framework\TestCase.php(456): PHPUnit\Framework\TestRunner-&gt;run(Object(Tests\Feature\ImportExport\IdorAndSecurityTest))
#69 D:\work\meem\vendor\phpunit\phpunit\src\Framework\TestSuite.php(352): PHPUnit\Framework\TestCase-&gt;run()
#70 D:\work\meem\vendor\phpunit\phpunit\src\Framework\TestSuite.php(352): PHPUnit\Framework\TestSuite-&gt;run()
#71 D:\work\meem\vendor\phpunit\phpunit\src\Framework\TestSuite.php(352): PHPUnit\Framework\TestSuite-&gt;run()
#72 D:\work\meem\vendor\phpunit\phpunit\src\TextUI\TestRunner.php(63): PHPUnit\Framework\TestSuite-&gt;run()
#73 D:\work\meem\vendor\phpunit\phpunit\src\TextUI\Application.php(141): PHPUnit\TextUI\TestRunner-&gt;run(Object(PHPUnit\TextUI\Configuration\Configuration), Object(PHPUnit\Runner\ResultCache\DefaultResultCache), Object(PHPUnit\Framework\TestSuite))
#74 D:\work\meem\vendor\phpunit\phpunit\phpunit(90): PHPUnit\TextUI\Application-&gt;run(Array)
#75 D:\work\meem\vendor\bin\phpunit(122): include('D:\\work\\meem\\ve...')
#76 {main}

----------------------------------------------------------------------------------

[...]
#39 D:\work\meem\vendor\laravel\framework\src\Illuminate\Foundation\Http\Middleware\ConvertEmptyStringsToNull.php(31): Illuminate\Foundation\Http\Middleware\TransformsRequest-&gt;handle(Object(Illuminate\Http\Request), Object(Closure))
#40 D:\work\meem\vendor\laravel\framework\src\Illuminate\Pipeline\Pipeline.php(180): Illuminate\Foundation\Http\Middleware\ConvertEmptyStringsToNull-&gt;handle(Object(Illuminate\Http\Request), Object(Closure))
#41 D:\work\meem\vendor\laravel\framework\src\Illuminate\Foundation\Http\Middleware\TransformsRequest.php(21): Illuminate\Pipeline\Pipeline-&gt;Illuminate\Pipeline\{closure}(Object(Illuminate\Http\Request))
#42 D:\work\meem\vendor\laravel\framework\src\Illuminate\Foundation\Http\Middleware\TrimStrings.php(40): Illuminate\Foundation\Http\Middleware\TransformsRequest-&gt;handle(Object(Illuminate\Http\Request), Object(Closure))
#43 D:\work\meem\vendor\laravel\framework\src\Illuminate\Pipeline\Pipeline.php(180): Illuminate\Foundation\Http\Middleware\TrimStrings-&gt;handle(Object(Illuminate\Http\Request), Object(Closure))
#44 D:\work\meem\vendor\laravel\framework\src\Illuminate\Foundation\Http\Middleware\ValidatePostSize.php(27): Illuminate\Pipeline\Pipeline-&gt;Illuminate\Pipeline\{closure}(Object(Illuminate\Http\Request))
#45 D:\work\meem\vendor\laravel\framework\src\Illuminate\Pipeline\Pipeline.php(180): Illuminate\Foundation\Http\Middleware\ValidatePostSize-&gt;handle(Object(Illuminate\Http\Request), Object(Closure))
#46 D:\work\meem\vendor\laravel\framework\src\Illuminate\Foundation\Http\Middleware\PreventRequestsDuringMaintenance.php(99): Illuminate\Pipeline\Pipeline-&gt;Illuminate\Pipeline\{closure}(Object(Illuminate\Http\Request))
#47 D:\work\meem\vendor\laravel\framework\src\Illuminate\Pipeline\Pipeline.php(180): Illuminate\Foundation\Http\Middleware\PreventRequestsDuringMaintenance-&gt;handle(Object(Illuminate\Http\Request), Object(Closure))
#48 D:\work\meem\vendor\laravel\framework\src\Illuminate\Http\Middleware\TrustProxies.php(39): Illuminate\Pipeline\Pipeline-&gt;Illuminate\Pipeline\{closure}(Object(Illuminate\Http\Request))
#49 D:\work\meem\vendor\laravel\framework\src\Illuminate\Pipeline\Pipeline.php(180): Illuminate\Http\Middleware\TrustProxies-&gt;handle(Object(Illuminate\Http\Request), Object(Closure))
#50 D:\work\meem\vendor\laravel\framework\src\Illuminate\Pipeline\Pipeline.php(116): Illuminate\Pipeline\Pipeline-&gt;Illuminate\Pipeline\{closure}(Object(Illuminate\Http\Request))
#51 D:\work\meem\vendor\laravel\framework\src\Illuminate\Foundation\Http\Kernel.php(175): Illuminate\Pipeline\Pipeline-&gt;then(Object(Closure))
#52 D:\work\meem\vendor\laravel\framework\src\Illuminate\Foundation\Http\Kernel.php(144): Illuminate\Foundation\Http\Kernel-&gt;sendRequestThroughRouter(Object(Illuminate\Http\Request))
#53 D:\work\meem\vendor\laravel\framework\src\Illuminate\Foundation\Testing\Concerns\MakesHttpRequests.php(573): Illuminate\Foundation\Http\Kernel-&gt;handle(Object(Illuminate\Http\Request))
#54 D:\work\meem\vendor\laravel\framework\src\Illuminate\Foundation\Testing\Concerns\MakesHttpRequests.php(539): Illuminate\Foundation\Testing\TestCase-&gt;call('GET', '/api/v1/product...', Array, Array, Array, Array, '[]')
#55 D:\work\meem\vendor\laravel\framework\src\Illuminate\Foundation\Testing\Concerns\MakesHttpRequests.php(347): Illuminate\Foundation\Testing\TestCase-&gt;json('GET', '/api/v1/product...', Array, Array, 0)
#56 D:\work\meem\tests\Feature\ImportExport\SampleDownloadTest.php(153): Illuminate\Foundation\Testing\TestCase-&gt;getJson('/api/v1/product...', Array)
#57 D:\work\meem\vendor\phpunit\phpunit\src\Framework\TestCase.php(1030): Tests\Feature\ImportExport\SampleDownloadTest-&gt;test_missing_sample_arabic_translation()
#58 D:\work\meem\vendor\laravel\framework\src\Illuminate\Foundation\Testing\TestCase.php(174): PHPUnit\Framework\TestCase-&gt;runTest()
#59 D:\work\meem\vendor\phpunit\phpunit\src\Framework\TestCase.php(627): Illuminate\Foundation\Testing\TestCase-&gt;runTest()
#60 D:\work\meem\vendor\phpunit\phpunit\src\Framework\TestRunner.php(101): PHPUnit\Framework\TestCase-&gt;runBare()
#61 D:\work\meem\vendor\phpunit\phpunit\src\Framework\TestCase.php(456): PHPUnit\Framework\TestRunner-&gt;run(Object(Tests\Feature\ImportExport\SampleDownloadTest))
#62 D:\work\meem\vendor\phpunit\phpunit\src\Framework\TestSuite.php(352): PHPUnit\Framework\TestCase-&gt;run()
#63 D:\work\meem\vendor\phpunit\phpunit\src\Framework\TestSuite.php(352): PHPUnit\Framework\TestSuite-&gt;run()
#64 D:\work\meem\vendor\phpunit\phpunit\src\Framework\TestSuite.php(352): PHPUnit\Framework\TestSuite-&gt;run()
#65 D:\work\meem\vendor\phpunit\phpunit\src\TextUI\TestRunner.php(63): PHPUnit\Framework\TestSuite-&gt;run()
#66 D:\work\meem\vendor\phpunit\phpunit\src\TextUI\Application.php(141): PHPUnit\TextUI\TestRunner-&gt;run(Object(PHPUnit\TextUI\Configuration\Configuration), Object(PHPUnit\Runner\ResultCache\DefaultResultCache), Object(PHPUnit\Framework\TestSuite))
#67 D:\work\meem\vendor\phpunit\phpunit\phpunit(90): PHPUnit\TextUI\Application-&gt;run(Array)
#68 D:\work\meem\vendor\bin\phpunit(122): include('D:\\work\\meem\\ve...')
#69 {main}

----------------------------------------------------------------------------------

Method Marvel\Http\Controllers\ProductImportController::errorResponse does not exist.
&#13;
D:\work\meem\vendor\laravel\framework\src\Illuminate\Testing\TestResponse.php:146
D:\work\meem\vendor\laravel\framework\src\Illuminate\Testing\Concerns\AssertsStatusCodes.php:151
D:\work\meem\tests\Feature\ImportExport\SampleDownloadTest.php:154
D:\work\meem\vendor\laravel\framework\src\Illuminate\Foundation\Testing\TestCase.php:174</failure>
        </testcase>
        <testcase name="test_missing_brand_sample_arabic" file="D:\work\meem\tests\Feature\ImportExport\SampleDownloadTest.php" line="160" class="Tests\Feature\ImportExport\SampleDownloadTest" classname="Tests.Feature.ImportExport.SampleDownloadTest" assertions="1" time="0.015263">
          <failure type="PHPUnit\Framework\ExpectationFailedException">Tests\Feature\ImportExport\SampleDownloadTest::test_missing_brand_sample_arabic&#13;
Expected response status code [404] but received 500.
Failed asserting that 404 is identical to 500.&#13;
&#13;
The following exception occurred during the last request:

BadMethodCallException: Method Marvel\Http\Controllers\BrandImportController::errorResponse does not exist. in D:\work\meem\vendor\laravel\framework\src\Illuminate\Routing\Controller.php:68
Stack trace:
#0 D:\work\meem\packages\marvel\src\Http\Controllers\BrandImportController.php(292): Illuminate\Routing\Controller-&gt;__call('errorResponse', Array)
#1 D:\work\meem\vendor\laravel\framework\src\Illuminate\Routing\Controller.php(54): Marvel\Http\Controllers\BrandImportController-&gt;downloadSample()
#2 D:\work\meem\vendor\laravel\framework\src\Illuminate\Routing\ControllerDispatcher.php(43): Illuminate\Routing\Controller-&gt;callAction('downloadSample', Array)
#3 D:\work\meem\vendor\laravel\framework\src\Illuminate\Routing\Route.php(259): Illuminate\Routing\ControllerDispatcher-&gt;dispatch(Object(Illuminate\Routing\Route), Object(Marvel\Http\Controllers\BrandImportController), 'downloadSample')
#4 D:\work\meem\vendor\laravel\framework\src\Illuminate\Routing\Route.php(205): Illuminate\Routing\Route-&gt;runController()
#5 D:\work\meem\vendor\laravel\framework\src\Illuminate\Routing\Router.php(799): Illuminate\Routing\Route-&gt;run()
#6 D:\work\meem\vendor\laravel\framework\src\Illuminate\Pipeline\Pipeline.php(141): Illuminate\Routing\Router-&gt;Illuminate\Routing\{closure}(Object(Illuminate\Http\Request))
#7 D:\work\meem\vendor\spatie\laravel-permission\src\Middleware\PermissionMiddleware.php(39): Illuminate\Pipeline\Pipeline-&gt;Illuminate\Pipeline\{closure}(Object(Illuminate\Http\Request))
#8 D:\work\meem\vendor\laravel\framework\src\Illuminate\Pipeline\Pipeline.php(180): Spatie\Permission\Middleware\PermissionMiddleware-&gt;handle(Object(Illuminate\Http\Request), Object(Closure), 'import-brand|su...')
#9 D:\work\meem\app\Http\Middleware\CheckLangMiddleware.php(27): Illuminate\Pipeline\Pipeline-&gt;Illuminate\Pipeline\{closure}(Object(Illuminate\Http\Request))
#10 D:\work\meem\vendor\laravel\framework\src\Illuminate\Pipeline\Pipeline.php(180): App\Http\Middleware\CheckLangMiddleware-&gt;handle(Object(Illuminate\Http\Request), Object(Closure))
#11 D:\work\meem\app\Http\Middleware\ChannelMiddleware.php(25): Illuminate\Pipeline\Pipeline-&gt;Illuminate\Pipeline\{closure}(Object(Illuminate\Http\Request))
#12 D:\work\meem\vendor\laravel\framework\src\Illuminate\Pipeline\Pipeline.php(180): App\Http\Middleware\ChannelMiddleware-&gt;handle(Object(Illuminate\Http\Request), Object(Closure))
#13 D:\work\meem\vendor\laravel\framework\src\Illuminate\Routing\Middleware\SubstituteBindings.php(50): Illuminate\Pipeline\Pipeline-&gt;Illuminate\Pipeline\{closure}(Object(Illuminate\Http\Request))
#14 D:\work\meem\vendor\laravel\framework\src\Illuminate\Pipeline\Pipeline.php(180): Illuminate\Routing\Middleware\SubstituteBindings-&gt;handle(Object(Illuminate\Http\Request), Object(Closure))
#15 D:\work\meem\vendor\laravel\framework\src\Illuminate\Routing\Middleware\ThrottleRequests.php(159): Illuminate\Pipeline\Pipeline-&gt;Illuminate\Pipeline\{closure}(Object(Illuminate\Http\Request))
#16 D:\work\meem\vendor\laravel\framework\src\Illuminate\Routing\Middleware\ThrottleRequests.php(125): Illuminate\Routing\Middleware\ThrottleRequests-&gt;handleRequest(Object(Illuminate\Http\Request), Object(Closure), Array)
#17 D:\work\meem\vendor\laravel\framework\src\Illuminate\Routing\Middleware\ThrottleRequests.php(87): Illuminate\Routing\Middleware\ThrottleRequests-&gt;handleRequestUsingNamedLimiter(Object(Illuminate\Http\Request), Object(Closure), 'admin', Object(Closure))
#18 D:\work\meem\vendor\laravel\framework\src\Illuminate\Pipeline\Pipeline.php(180): Illuminate\Routing\Middleware\ThrottleRequests-&gt;handle(Object(Illuminate\Http\Request), Object(Closure), 'admin')
#19 D:\work\meem\vendor\laravel\framework\src\Illuminate\Routing\Middleware\ThrottleRequests.php(159): Illuminate\Pipeline\Pipeline-&gt;Illuminate\Pipeline\{closure}(Object(Illuminate\Http\Request))
#20 D:\work\meem\vendor\laravel\framework\src\Illuminate\Routing\Middleware\ThrottleRequests.php(125): Illuminate\Routing\Middleware\ThrottleRequests-&gt;handleRequest(Object(Illuminate\Http\Request), Object(Closure), Array)
#21 D:\work\meem\vendor\laravel\framework\src\Illuminate\Routing\Middleware\ThrottleRequests.php(87): Illuminate\Routing\Middleware\ThrottleRequests-&gt;handleRequestUsingNamedLimiter(Object(Illuminate\Http\Request), Object(Closure), 'api', Object(Closure))
#22 D:\work\meem\vendor\laravel\framework\src\Illuminate\Pipeline\Pipeline.php(180): Illuminate\Routing\Middleware\ThrottleRequests-&gt;handle(Object(Illuminate\Http\Request), Object(Closure), 'api')
#23 D:\work\meem\vendor\laravel\framework\src\Illuminate\Auth\Middleware\Authenticate.php(57): Illuminate\Pipeline\Pipeline-&gt;Illuminate\Pipeline\{closure}(Object(Illuminate\Http\Request))
#24 D:\work\meem\vendor\laravel\framework\src\Illuminate\Pipeline\Pipeline.php(180): Illuminate\Auth\Middleware\Authenticate-&gt;handle(Object(Illuminate\Http\Request), Object(Closure), 'sanctum')
#25 D:\work\meem\vendor\laravel\framework\src\Illuminate\Cookie\Middleware\AddQueuedCookiesToResponse.php(37): Illuminate\Pipeline\Pipeline-&gt;Illuminate\Pipeline\{closure}(Object(Illuminate\Http\Request))
#26 D:\work\meem\vendor\laravel\framework\src\Illuminate\Pipeline\Pipeline.php(180): Illuminate\Cookie\Middleware\AddQueuedCookiesToResponse-&gt;handle(Object(Illuminate\Http\Request), Object(Closure))
#27 D:\work\meem\vendor\laravel\framework\src\Illuminate\Cookie\Middleware\EncryptCookies.php(67): Illuminate\Pipeline\Pipeline-&gt;Illuminate\Pipeline\{closure}(Object(Illuminate\Http\Request))
#28 D:\work\meem\vendor\laravel\framework\src\Illuminate\Pipeline\Pipeline.php(180): Illuminate\Cookie\Middleware\EncryptCookies-&gt;handle(Object(Illuminate\Http\Request), Object(Closure))
#29 D:\work\meem\vendor\laravel\framework\src\Illuminate\Pipeline\Pipeline.php(116): Illuminate\Pipeline\Pipeline-&gt;Illuminate\Pipeline\{closure}(Object(Illuminate\Http\Request))
#30 D:\work\meem\vendor\laravel\framework\src\Illuminate\Routing\Router.php(798): Illuminate\Pipeline\Pipeline-&gt;then(Object(Closure))
#31 D:\work\meem\vendor\laravel\framework\src\Illuminate\Routing\Router.php(777): Illuminate\Routing\Router-&gt;runRouteWithinStack(Object(Illuminate\Routing\Route), Object(Illuminate\Http\Request))
#32 D:\work\meem\vendor\laravel\framework\src\Illuminate\Routing\Router.php(741): Illuminate\Routing\Router-&gt;runRoute(Object(Illuminate\Http\Request), Object(Illuminate\Routing\Route))
#33 D:\work\meem\vendor\laravel\framework\src\Illuminate\Routing\Router.php(730): Illuminate\Routing\Router-&gt;dispatchToRoute(Object(Illuminate\Http\Request))
#34 D:\work\meem\vendor\laravel\framework\src\Illuminate\Foundation\Http\Kernel.php(200): Illuminate\Routing\Router-&gt;dispatch(Object(Illuminate\Http\Request))
#35 D:\work\meem\vendor\laravel\framework\src\Illuminate\Pipeline\Pipeline.php(141): Illuminate\Foundation\Http\Kernel-&gt;Illuminate\Foundation\Http\{closure}(Object(Illuminate\Http\Request))
#36 D:\work\meem\vendor\laravel\framework\src\Illuminate\Http\Middleware\HandleCors.php(62): Illuminate\Pipeline\Pipeline-&gt;Illuminate\Pipeline\{closure}(Object(Illuminate\Http\Request))
#37 D:\work\meem\vendor\laravel\framework\src\Illuminate\Pipeline\Pipeline.php(180): Illuminate\Http\Middleware\HandleCors-&gt;handle(Object(Illuminate\Http\Request), Object(Closure))
#38 D:\work\meem\vendor\laravel\framework\src\Illuminate\Foundation\Http\Middleware\TransformsRequest.php(21): Illuminate\Pipeline\Pipeline-&gt;Illuminate\Pipeline\{closure}(Object(Illuminate\Http\Request))
#39 D:\work\meem\vendor\laravel\framework\src\Illuminate\Foundation\Http\Middleware\ConvertEmptyStringsToNull.php(31): Illuminate\Foundation\Http\Middleware\TransformsRequest-&gt;handle(Object(Illuminate\Http\Request), Object(Closure))
#40 D:\work\meem\vendor\laravel\framework\src\Illuminate\Pipeline\Pipeline.php(180): Illuminate\Foundation\Http\Middleware\ConvertEmptyStringsToNull-&gt;handle(Object(Illuminate\Http\Request), Object(Closure))
#41 D:\work\meem\vendor\laravel\framework\src\Illuminate\Foundation\Http\Middleware\TransformsRequest.php(21): Illuminate\Pipeline\Pipeline-&gt;Illuminate\Pipeline\{closure}(Object(Illuminate\Http\Request))
#42 D:\work\meem\vendor\laravel\framework\src\Illuminate\Foundation\Http\Middleware\TrimStrings.php(40): Illuminate\Foundation\Http\Middleware\TransformsRequest-&gt;handle(Object(Illuminate\Http\Request), Object(Closure))
#43 D:\work\meem\vendor\laravel\framework\src\Illuminate\Pipeline\Pipeline.php(180): Illuminate\Foundation\Http\Middleware\TrimStrings-&gt;handle(Object(Illuminate\Http\Request), Object(Closure))
#44 D:\work\meem\vendor\laravel\framework\src\Illuminate\Foundation\Http\Middleware\ValidatePostSize.php(27): Illuminate\Pipeline\Pipeline-&gt;Illuminate\Pipeline\{closure}(Object(Illuminate\Http\Request))
#45 D:\work\meem\vendor\laravel\framework\src\Illuminate\Pipeline\Pipeline.php(180): Illuminate\Foundation\Http\Middleware\ValidatePostSize-&gt;handle(Object(Illuminate\Http\Request), Object(Closure))
#46 D:\work\meem\vendor\laravel\framework\src\Illuminate\Foundation\Http\Middleware\PreventRequestsDuringMaintenance.php(99): Illuminate\Pipeline\Pipeline-&gt;Illuminate\Pipeline\{closure}(Object(Illuminate\Http\Request))
#47 D:\work\meem\vendor\laravel\framework\src\Illuminate\Pipeline\Pipeline.php(180): Illuminate\Foundation\Http\Middleware\PreventRequestsDuringMaintenance-&gt;handle(Object(Illuminate\Http\Request), Object(Closure))
#48 D:\work\meem\vendor\laravel\framework\src\Illuminate\Http\Middleware\TrustProxies.php(39): Illuminate\Pipeline\Pipeline-&gt;Illuminate\Pipeline\{closure}(Object(Illuminate\Http\Request))
#49 D:\work\meem\vendor\laravel\framework\src\Illuminate\Pipeline\Pipeline.php(180): Illuminate\Http\Middleware\TrustProxies-&gt;handle(Object(Illuminate\Http\Request), Object(Closure))
#50 D:\work\meem\vendor\laravel\framework\src\Illuminate\Pipeline\Pipeline.php(116): Illuminate\Pipeline\Pipeline-&gt;Illuminate\Pipeline\{closure}(Object(Illuminate\Http\Request))
#51 D:\work\meem\vendor\laravel\framework\src\Illuminate\Foundation\Http\Kernel.php(175): Illuminate\Pipeline\Pipeline-&gt;then(Object(Closure))
#52 D:\work\meem\vendor\laravel\framework\src\Illuminate\Foundation\Http\Kernel.php(144): Illuminate\Foundation\Http\Kernel-&gt;sendRequestThroughRouter(Object(Illuminate\Http\Request))
#53 D:\work\meem\vendor\laravel\framework\src\Illuminate\Foundation\Testing\Concerns\MakesHttpRequests.php(573): Illuminate\Foundation\Http\Kernel-&gt;handle(Object(Illuminate\Http\Request))
#54 D:\work\meem\vendor\laravel\framework\src\Illuminate\Foundation\Testing\Concerns\MakesHttpRequests.php(539): Illuminate\Foundation\Testing\TestCase-&gt;call('GET', '/api/v1/brands/...', Array, Array, Array, Array, '[]')
#55 D:\work\meem\vendor\laravel\framework\src\Illuminate\Foundation\Testing\Concerns\MakesHttpRequests.php(347): Illuminate\Foundation\Testing\TestCase-&gt;json('GET', '/api/v1/brands/...', Array, Array, 0)
#56 D:\work\meem\tests\Feature\ImportExport\SampleDownloadTest.php(166): Illuminate\Foundation\Testing\TestCase-&gt;getJson('/api/v1/brands/...')
#57 D:\work\meem\vendor\phpunit\phpunit\src\Framework\TestCase.php(1030): Tests\Feature\ImportExport\SampleDownloadTest-&gt;test_missing_brand_sample_arabic()
#58 D:\work\meem\vendor\laravel\framework\src\Illuminate\Foundation\Testing\TestCase.php(174): PHPUnit\Framework\TestCase-&gt;runTest()
#59 D:\work\meem\vendor\phpunit\phpunit\src\Framework\TestCase.php(627): Illuminate\Foundation\Testing\TestCase-&gt;runTest()
#60 D:\work\meem\vendor\phpunit\phpunit\src\Framework\TestRunner.php(101): PHPUnit\Framework\TestCase-&gt;runBare()
#61 D:\work\meem\vendor\phpunit\phpunit\src\Framework\TestCase.php(456): PHPUnit\Framework\TestRunner-&gt;run(Object(Tests\Feature\ImportExport\SampleDownloadTest))
#62 D:\work\meem\vendor\phpunit\phpunit\src\Framework\TestSuite.php(352): PHPUnit\Framework\TestCase-&gt;run()
#63 D:\work\meem\vendor\phpunit\phpunit\src\Framework\TestSuite.php(352): PHPUnit\Framework\TestSuite-&gt;run()
#64 D:\work\meem\vendor\phpunit\phpunit\src\Framework\TestSuite.php(352): PHPUnit\Framework\TestSuite-&gt;run()
#65 D:\work\meem\vendor\phpunit\phpunit\src\TextUI\TestRunner.php(63): PHPUnit\Framework\TestSuite-&gt;run()
#66 D:\work\meem\vendor\phpunit\phpunit\src\TextUI\Application.php(141): PHPUnit\TextUI\TestRunner-&gt;run(Object(PHPUnit\TextUI\Configuration\Configuration), Object(PHPUnit\Runner\ResultCache\DefaultResultCache), Object(PHPUnit\Framework\TestSuite))
#67 D:\work\meem\vendor\phpunit\phpunit\phpunit(90): PHPUnit\TextUI\Application-&gt;run(Array)
#68 D:\work\meem\vendor\bin\phpunit(122): include('D:\\work\\meem\\ve...')
#69 {main}

----------------------------------------------------------------------------------

Method Marvel\Http\Controllers\BrandImportController::errorResponse does not exist.
&#13;
D:\work\meem\vendor\laravel\framework\src\Illuminate\Testing\TestResponse.php:146
D:\work\meem\vendor\laravel\framework\src\Illuminate\Testing\Concerns\AssertsStatusCodes.php:151
D:\work\meem\tests\Feature\ImportExport\SampleDownloadTest.php:167
D:\work\meem\vendor\laravel\framework\src\Illuminate\Foundation\Testing\TestCase.php:174</failure>
        </testcase>
        <testcase name="test_product_sample_file_is_readable_workbook" file="D:\work\meem\tests\Feature\ImportExport\SampleDownloadTest.php" line="171" class="Tests\Feature\ImportExport\SampleDownloadTest" classname="Tests.Feature.ImportExport.SampleDownloadTest" assertions="3" time="0.018269"/>
      </testsuite>
    </testsuite>
  </testsuite>
</testsuites>
